
*** Running vitis_hls
    with args -f mm2s.tcl -messageDb vitis_hls.pb


****** Vitis HLS - High-Level Synthesis from C, C++ and OpenCL v2022.1 (64-bit)
  **** SW Build 3526262 on Mon Apr 18 15:47:01 MDT 2022
  **** IP Build 3524634 on Mon Apr 18 20:55:01 MDT 2022
    ** Copyright 1986-2022 Xilinx, Inc. All Rights Reserved.

source /proj/xbuilds/SWIP/2022.1_0420_0327/installs/lin64/Vitis_HLS/2022.1/scripts/vitis_hls/hls.tcl -notrace
INFO: [HLS 200-10] Running '/proj/xbuilds/SWIP/2022.1_0420_0327/installs/lin64/Vitis_HLS/2022.1/bin/unwrapped/lnx64.o/vitis_hls'
INFO: [HLS 200-10] For user 'msears' on host 'xsjrdevl165' (Linux_x86_64 version 3.10.0-693.el7.x86_64) on Tue Sep 13 10:52:09 PDT 2022
INFO: [HLS 200-10] On os "CentOS Linux release 7.4.1708 (Core) "
INFO: [HLS 200-10] In directory '/home/msears/Vitis-Tutorials/AI_Engine_Development/Feature_Tutorials/05-AI-engine-versal-integration/_x/mm2s/mm2s'
Sourcing Tcl script 'mm2s.tcl'
INFO: [HLS 200-1510] Running: open_project mm2s 
INFO: [HLS 200-10] Creating and opening project '/home/msears/Vitis-Tutorials/AI_Engine_Development/Feature_Tutorials/05-AI-engine-versal-integration/_x/mm2s/mm2s/mm2s'.
INFO: [HLS 200-1510] Running: set_top mm2s 
INFO: [HLS 200-1510] Running: add_files /home/msears/Vitis-Tutorials/AI_Engine_Development/Feature_Tutorials/05-AI-engine-versal-integration/pl_kernels/mm2s.cpp -cflags  -g 
INFO: [HLS 200-10] Adding design file '/home/msears/Vitis-Tutorials/AI_Engine_Development/Feature_Tutorials/05-AI-engine-versal-integration/pl_kernels/mm2s.cpp' to the project
INFO: [HLS 200-1510] Running: open_solution -flow_target vitis solution 
INFO: [HLS 200-10] Creating and opening solution '/home/msears/Vitis-Tutorials/AI_Engine_Development/Feature_Tutorials/05-AI-engine-versal-integration/_x/mm2s/mm2s/mm2s/solution'.
INFO: [HLS 200-1505] Using flow_target 'vitis'
Resolution: For help on HLS 200-1505 see www.xilinx.com/cgi-bin/docs/rdoc?v=2022.1;t=hls+guidance;d=200-1505.html
INFO: [HLS 200-435] Setting 'open_solution -flow_target vitis' configuration: config_interface -m_axi_latency=64
INFO: [HLS 200-435] Setting 'open_solution -flow_target vitis' configuration: config_interface -m_axi_alignment_byte_size=64
INFO: [HLS 200-435] Setting 'open_solution -flow_target vitis' configuration: config_interface -m_axi_max_widen_bitwidth=512
INFO: [HLS 200-435] Setting 'open_solution -flow_target vitis' configuration: config_rtl -register_reset_num=3
INFO: [HLS 200-1510] Running: set_part xcvc1902-vsva2197-2MP-e-S 
INFO: [HLS 200-1611] Setting target device to 'xcvc1902-vsva2197-2MP-e-S'
INFO: [HLS 200-1510] Running: create_clock -period 312.500000MHz -name default 
INFO: [SYN 201-201] Setting up clock 'default' with a period of 3.2ns.
INFO: [HLS 200-1510] Running: config_rtl -kernel_profile 
INFO: [HLS 200-1510] Running: config_dataflow -strict_mode warning 
INFO: [HLS 200-1510] Running: config_debug -enable 
INFO: [HLS 200-1510] Running: config_export -deadlock_detection none 
WARNING: [HLS 200-483] The 'config_export -deadlock_detection' command is deprecated and will be removed in a future release. Use 'config_rtl -deadlock_detection' as its replacement.
INFO: [HLS 200-1907] Replacing 'config_export -deadlock_detection=none' with 'config_rtl -deadlock_detection=none' in current solution file
INFO: [HLS 200-1510] Running: config_interface -m_axi_conservative_mode=1 
INFO: [HLS 200-1510] Running: config_interface -m_axi_addr64 
INFO: [HLS 200-1510] Running: config_interface -m_axi_auto_max_ports=0 
INFO: [HLS 200-1510] Running: config_export -format xo -ipname mm2s 
INFO: [HLS 200-1907] Replacing 'config_export -deadlock_detection=none' with 'config_rtl -deadlock_detection=none' in current solution file
INFO: [HLS 200-1510] Running: csynth_design -synthesis_check 
INFO: [HLS 200-111] Finished File checks and directory preparation: CPU user time: 0 seconds. CPU system time: 0 seconds. Elapsed time: 0.02 seconds; current allocated memory: 782.109 MB.
INFO: [HLS 200-10] Analyzing design file '/home/msears/Vitis-Tutorials/AI_Engine_Development/Feature_Tutorials/05-AI-engine-versal-integration/pl_kernels/mm2s.cpp' ... 
INFO: [HLS 200-111] Finished Source Code Analysis and Preprocessing: CPU user time: 2.8 seconds. CPU system time: 0.53 seconds. Elapsed time: 3.57 seconds; current allocated memory: 782.109 MB.
INFO: [HLS 200-777] Using interface defaults for 'Vitis' flow target.
INFO: [HLS 200-111] Finished Compiling Optimization and Transform: CPU user time: 3.65 seconds. CPU system time: 0.72 seconds. Elapsed time: 4.58 seconds; current allocated memory: 782.109 MB.
INFO: [HLS 200-111] Finished Checking Pragmas: CPU user time: 0 seconds. CPU system time: 0 seconds. Elapsed time: 0 seconds; current allocated memory: 782.109 MB.
INFO: [HLS 200-1493] Running only source code synthesis checks, skipping scheduling and RTL generation.
INFO: [HLS 200-111] Finished Command csynth_design CPU user time: 6.47 seconds. CPU system time: 1.3 seconds. Elapsed time: 8.28 seconds; current allocated memory: 0.000 MB.
INFO: [HLS 200-1510] Running: close_project 
HLS completed successfully
INFO: [HLS 200-112] Total CPU user time: 11.77 seconds. Total CPU system time: 2.77 seconds. Total elapsed time: 13.37 seconds; peak allocated memory: 782.109 MB.
INFO: [Common 17-206] Exiting vitis_hls at Tue Sep 13 10:52:22 2022...
