Tue Sep 13 14:24:42 2022: Running xcd server. This server was built by gradle.
Tue Sep 13 14:24:42 2022: Server was asked to start on port: '34476'
Tue Sep 13 14:24:42 2022: Server is using token UUID: 'de824c48-e050-46e5-aef4-2031dd748689'
Tue Sep 13 14:24:42 2022: SESSION_MGR: creating session with session uuid: '6d04a3e9-ade5-4ab9-8d63-1f78fcd2ec76' and name 'default'
Tue Sep 13 14:24:42 2022: Attempting to start server on port '34476'
Tue Sep 13 14:24:42 2022: XCD main fifo: created main fifo '/tmp/xcdmainde824c48-e050-46e5-aef4-2031dd748689', fd read = 12
Tue Sep 13 14:24:42 2022: Running Dispatch Server
Tue Sep 13 14:24:42 2022: Version 2.2.0
Tue Sep 13 14:24:50 2022: Dispatch Server: Accepted socket connection from client
Tue Sep 13 14:24:50 2022: Starting Socket connection
Tue Sep 13 14:24:50 2022: EXCHANGE_TOKEN received, server token: de824c48-e050-46e5-aef4-2031dd748689, passed token: de824c48-e050-46e5-aef4-2031dd748689
Tue Sep 13 14:24:51 2022: DISPATCH_HANDLER: Adding handler from function makeHandler in library libxv_system_diagram
Tue Sep 13 14:24:51 2022: SESSION_MGR: creating session with session uuid: '71e74a27-f1c3-46b8-9184-f695e342ad2b' and name 'v++_package_a'
Tue Sep 13 14:24:51 2022: KERNEL_SVC: creating session with uuid: '71e74a27-f1c3-46b8-9184-f695e342ad2b' and name 'v++_package_a'
Tue Sep 13 14:24:51 2022: GUIDANCE_SMGR: creating guidance session with uuid: '71e74a27-f1c3-46b8-9184-f695e342ad2b' and name 'v++_package_a'
Tue Sep 13 14:24:51 2022: SYSTEM_DIAGRAM: creating session with uuid: '71e74a27-f1c3-46b8-9184-f695e342ad2b' and name 'v++_package_a'
Tue Sep 13 14:25:07 2022: SESSION_MGR: closing session for UUID '71e74a27-f1c3-46b8-9184-f695e342ad2b' with name 'v++_package_a'
Tue Sep 13 14:25:07 2022: KERNEL_SVC: closing session for UUID '71e74a27-f1c3-46b8-9184-f695e342ad2b' with name 'v++_package_a'
Tue Sep 13 14:25:07 2022: GUIDANCE_SMGR: closing session for UUID '71e74a27-f1c3-46b8-9184-f695e342ad2b' with name 'v++_package_a'
Tue Sep 13 14:25:07 2022: SYSTEM_DIAGRAM: closing session for UUID '71e74a27-f1c3-46b8-9184-f695e342ad2b' with name 'v++_package_a'
Tue Sep 13 14:25:07 2022: STOP_SERVER received, server token: de824c48-e050-46e5-aef4-2031dd748689, passed token: de824c48-e050-46e5-aef4-2031dd748689
Tue Sep 13 14:25:07 2022: Socket received request to stop server.
Tue Sep 13 14:25:07 2022: Dispatch Server: do_await_stop
Tue Sep 13 14:25:07 2022: Dispatch Server: stopping mainFifo_
Tue Sep 13 14:25:07 2022: XCD main fifo: Stopping
Tue Sep 13 14:25:07 2022: XCD main fifo: do_read error code: Operation canceled
Tue Sep 13 14:25:07 2022: XCD main fifo: bytes_transferred: 0
Tue Sep 13 14:25:07 2022: SERVER: destructor for server bound to port 34476
Tue Sep 13 14:25:07 2022: XCD main fifo: Good unlink of /tmp/xcdmainde824c48-e050-46e5-aef4-2031dd748689
Tue Sep 13 14:25:07 2022: Server exiting with status 0.
Tue Sep 13 14:25:07 2022: Closing log file.
