Version: Vitis AI Engine Compiler Release 2022.1
Build Info: SW Build 3526262 on Mon Apr 18 15:47:01 MDT 2022
Copyright(c) 2016-2020 Xilinx Inc.

INFO: [aiecompiler 77-297] Cmd Line : /proj/xbuilds/SWIP/2022.1_0420_0327/installs/lin64/Vitis/2022.1/aietools/bin/unwrapped/lnx64.o/aiecompiler -include=/proj/xbuilds/SWIP/2022.1_0420_0327/installs/lin64/Vitis/2022.1/aietools/include -include=./aie -include=./data -include=./aie/kernels -include=./ --platform /proj/xbuilds/SWIP/2022.1_0420_0327/installs/lin64/Vitis/2022.1/base_platforms/xilinx_vck190_base_202210_1/xilinx_vck190_base_202210_1.xpfm -workdir=./Work --target=x86sim aie/graph.cpp 
INFO: [aiecompiler 77-349] Starting Dataflow Frontend with input 'aie/graph.cpp'
INFO: [aiecompiler 77-404] Executing Cmd: ${XILINX_VITIS_AIETOOLS}/tps/lnx64/gcc/bin/g++ -E -std=c++17 -D__ADF_FRONTEND__ -I/proj/xbuilds/SWIP/2022.1_0420_0327/installs/lin64/Vitis/2022.1/aietools/include  -I .  -I /proj/xbuilds/SWIP/2022.1_0420_0327/installs/lin64/Vitis/2022.1/aietools/include -I ./aie -I ./data -I ./aie/kernels -I ./ -I ${XILINX_HLS}/include aie/graph.cpp > ./Work/temp/graph.ii
INFO: [aiecompiler 77-404] Executing Cmd: graph_preprocessor ./Work/temp/graph.ii -o ./Work/temp/graph.processed.ii -report-core-dump  -- -std=c++17  -ftemplate-depth=2048  -Wno-return-stack-address  -Wno-missing-declarations  -Wno-parentheses-equality  -Wno-shift-negative-value  
INFO: [aiecompiler 77-404] Executing Cmd: ${XILINX_VITIS_AIETOOLS}/tps/lnx64/gcc/bin/g++  -std=c++17  -I .  ./Work/temp/graph.processed.ii -o ./Work/temp/graph.out -L /proj/xbuilds/SWIP/2022.1_0420_0327/installs/lin64/Vitis/2022.1/aietools/lib/lnx64.o -g -O0 -Wl,--unresolved-symbols=ignore-all  -Wno-return-stack-address  -Wno-missing-declarations  -lmeir_frontend  -ladf_api_frontend 
INFO: [aiecompiler 77-404] Executing Cmd: ./Work/temp/graph.out -I /proj/xbuilds/SWIP/2022.1_0420_0327/installs/lin64/Vitis/2022.1/aietools/include -I ./aie -I ./data -I ./aie/kernels -I ./ -workdir=./Work -aiearch=aie -log-level=1 --pl-axi-lite=0 --enable-multi-layer=0
INFO: [aiecompiler 77-404] Executing Cmd: aieir_be --time-passes=0  --disable-om-fifo-insertion=false  --logcfg-file=  --trace-plio-width=64  --aie2ipu-base-addr=1073741824  --pl-freq=0  --use-real-noc=true  --show-loggers=false  --fast-nonlinearfloats=false  --broadcast-enable-core=true  --high-performance=false  --multi-layer-opt=0  --kernel-address-location=false  --target=x86sim --swfifo-threshold=40  --single-mm2s-channel=false  --workdir=./Work  --exit-after=complete  --event-trace-config=  --test-iterations=-1  --stacksize=1024  --known-tripcount=false  --enable-core-processor-bus=false  --platform=/proj/xbuilds/SWIP/2022.1_0420_0327/installs/lin64/Vitis/2022.1/base_platforms/xilinx_vck190_base_202210_1/xilinx_vck190_base_202210_1.xpfm  --event-trace-custom-config=  --disable-dma-cmd-alignment=false  --enable-ecc-scrubbing=true  --float-accuracy=fast --output-archive=libadf.a  --write-partitioned-file=true  --schemafile=AIEGraphSchema.json  --disable-multirate=false  --include="/proj/xbuilds/SWIP/2022.1_0420_0327/installs/lin64/Vitis/2022.1/aietools/include" --include="./aie" --include="./data" --include="./aie/kernels" --include="./" --verify-switchconfig=true  --device=  --disable-multirate-analysis=false  --fastmath=false  --cpp-std=-std=c++17  --enable-mapper-hints-constraints=false  --event-trace-advanced-mapping=0  --enable-reconfig=false  --compute-heapsize=true  --log-level=1  --aiesim-xrt-api=false  --gen-graph-cleanup=false  --use-canonical-net-names=false  --event-trace-port=gmio --use-phy-shim=true  --xlopt=1  --pre-compile-kernels=false  --trace-aiesim-option=0  --aiearch=aie  --mapped-soln-udm=  --optimize-pktids=false  --no-init=false  --adf-api-log-level=2  --num-trace-streams=16  --aie-heat-map=false  --enable-partition=false  --phydevice=  --fast-floats=true  --quiet=false  --enable-multi-layer=false  --exec-timed=0  --pl-auto-restart=false  --routed-soln-udm=  --large-kernel-program=false  --enable-profiling=false  --enable-counted-locks=true  --runtime-opt=false  --disable-transform-merge-broadcast=false  --verbose=false  --use-async-rtp-locks=true  --repo-path=  --genArchive=false  --kernel-compile-replacement=  --pl-axi-lite=false  --event-trace-bounding-box=  --enable-reconfig-dma-autostart=false  --heapsize=1024  --logical-arch=  --nodot-graph=false  --disable-dma-autostart=false  --disable-transform-broadcast-split=true  --frontend-warning=0 --frontend-critical-warning=0 -json ./Work/temp/graph.json -sdf-graph aie/graph.cpp
INFO: [aiecompiler 77-5805] Run completed. Additional information can be found in:
	Guidance: ./Work/reports/guidance.html

INFO: [aiecompiler 77-5806] Use the vitis_analyzer tool to visualize and navigate the relevant reports. Run the following command.
	vitis_analyzer ./Work/graph.aiecompile_summary
420_0327/installs/lin64/Vivado/2022.1/data/embeddedsw) loading 0 seconds
INFO: [aiecompiler 77-3354] ###[Finish]:  Reading in platform specification from /proj/xbuilds/SWIP/2022.1_0420_0327/installs/lin64/Vitis/2022.1/base_platforms/xilinx_vck190_base_202210_1/xilinx_vck190_base_202210_1.xpfm
INFO: [aiecompiler 77-757] Opening input file: ./Work/temp/graph.json
INFO: [aiecompiler 77-656] Processing Graph 'root'
INFO: [aiecompiler 77-5921] Repetition count for clipgraph.interpolator is 1.
INFO: [aiecompiler 77-5921] Repetition count for clipgraph.classify is 1.
INFO: [aiecompiler 77-5921] Repetition count for clipgraph.clip is 1.
INFO: [aiecompiler 77-5607] ### Entering X86Sim Switch Configuration pass
INFO: [aiecompiler 77-5606] ### Done with X86Sim Switch Configuration pass
INFO: [aiecompiler 77-610] Performing x86Sim Graph Analysis
INFO: [aiecompiler 77-600] Emitting x86Sim Code
INFO: [aiecompiler 77-608] New x86Sim Code Generation Complete
INFO: [aiecompiler 77-599] Building simulation executable
INFO: [aiecompiler 77-404] Executing Cmd: make -j4 -C ./Work/pthread -f makefile all 
INFO: [aiecompiler 77-4236] Adding hardware components under: ./Work/temp/hw.o  
INFO: [aiecompiler 77-4237] Adding software components under: ./Work/temp/sw.o  
INFO: [aiecompiler 77-4235] Adding emulation and config components under: ./Work/temp/cfg.o 
INFO: [aiecompiler 77-1086] Generating hand-off archive: libadf.a
(WARNING:0, CRITICAL-WARNING:0, ERROR:0)
Compilation Complete
