INFO: [v++ 60-1306] Additional information associated with this v++ link can be found at:
	Reports: /home/msears/Vitis-Tutorials/AI_Engine_Development/Feature_Tutorials/05-AI-engine-versal-integration/_x/reports/link
	Log files: /home/msears/Vitis-Tutorials/AI_Engine_Development/Feature_Tutorials/05-AI-engine-versal-integration/_x/logs/link
INFO: [v++ 60-1548] Creating build summary session with primary output /home/msears/Vitis-Tutorials/AI_Engine_Development/Feature_Tutorials/05-AI-engine-versal-integration/tutorial.xsa.link_summary, at Tue Sep 13 11:19:15 2022
INFO: [v++ 60-1316] Initiating connection to rulecheck server, at Tue Sep 13 11:19:16 2022
INFO: [v++ 60-1315] Creating rulecheck session with output '/home/msears/Vitis-Tutorials/AI_Engine_Development/Feature_Tutorials/05-AI-engine-versal-integration/_x/reports/link/v++_link_tutorial_guidance.html', at Tue Sep 13 11:19:17 2022
INFO: [v++ 60-895]   Target platform: /proj/xbuilds/SWIP/2022.1_0420_0327/installs/lin64/Vitis/2022.1/base_platforms/xilinx_vck190_base_202210_1/xilinx_vck190_base_202210_1.xpfm
INFO: [v++ 60-1578]   This platform contains Xilinx Shell Archive '/proj/xbuilds/SWIP/2022.1_0420_0327/installs/lin64/Vitis/2022.1/base_platforms/xilinx_vck190_base_202210_1/hw/hw.xsa'
INFO: [v++ 60-629] Linking for software emulation target
INFO: [v++ 60-423]   Target device: xilinx_vck190_base_202210_1
INFO: [v++ 60-645] kernel flags are '-g -g'
INFO: [v++ 60-645] kernel flags are '-g -g'
INFO: [v++ 82-3844] Successfully added runtime data to ./tutorial.xsa
INFO: [v++ 60-586] Created tutorial.xsa
INFO: [v++ 60-1307] Run completed. Additional information can be found in:
	Guidance: /home/msears/Vitis-Tutorials/AI_Engine_Development/Feature_Tutorials/05-AI-engine-versal-integration/_x/reports/link/v++_link_tutorial_guidance.html
	Steps Log File: /home/msears/Vitis-Tutorials/AI_Engine_Development/Feature_Tutorials/05-AI-engine-versal-integration/_x/logs/link/link.steps.log

INFO: [v++ 60-2343] Use the vitis_analyzer tool to visualize and navigate the relevant reports. Run the following command. 
    vitis_analyzer /home/msears/Vitis-Tutorials/AI_Engine_Development/Feature_Tutorials/05-AI-engine-versal-integration/tutorial.xsa.link_summary 
INFO: [v++ 60-791] Total elapsed time: 0h 0m 40s
INFO: [v++ 60-1653] Closing dispatch client.
