Tue Sep 13 10:51:20 2022: Running xcd server. This server was built by gradle.
Tue Sep 13 10:51:20 2022: Server was asked to start on port: '42102'
Tue Sep 13 10:51:20 2022: Server is using token UUID: '330065d3-39f3-4b0e-a9aa-cf378f77392b'
Tue Sep 13 10:51:20 2022: SESSION_MGR: creating session with session uuid: '6d04a3e9-ade5-4ab9-8d63-1f78fcd2ec76' and name 'default'
Tue Sep 13 10:51:20 2022: Attempting to start server on port '42102'
Tue Sep 13 10:51:20 2022: XCD main fifo: created main fifo '/tmp/xcdmain330065d3-39f3-4b0e-a9aa-cf378f77392b', fd read = 12
Tue Sep 13 10:51:20 2022: Running Dispatch Server
Tue Sep 13 10:51:20 2022: Version 2.2.0
Tue Sep 13 10:51:29 2022: Dispatch Server: Accepted socket connection from client
Tue Sep 13 10:51:29 2022: Starting Socket connection
Tue Sep 13 10:51:29 2022: EXCHANGE_TOKEN received, server token: 330065d3-39f3-4b0e-a9aa-cf378f77392b, passed token: 330065d3-39f3-4b0e-a9aa-cf378f77392b
Tue Sep 13 10:51:30 2022: DISPATCH_HANDLER: Adding handler from function makeHandler in library libxv_system_diagram
Tue Sep 13 10:51:30 2022: SESSION_MGR: creating session with session uuid: 'ea36f517-5078-4f24-8651-7eb21b336394' and name 'v++_compile_s2mm'
Tue Sep 13 10:51:30 2022: KERNEL_SVC: creating session with uuid: 'ea36f517-5078-4f24-8651-7eb21b336394' and name 'v++_compile_s2mm'
Tue Sep 13 10:51:30 2022: GUIDANCE_SMGR: creating guidance session with uuid: 'ea36f517-5078-4f24-8651-7eb21b336394' and name 'v++_compile_s2mm'
Tue Sep 13 10:51:30 2022: SYSTEM_DIAGRAM: creating session with uuid: 'ea36f517-5078-4f24-8651-7eb21b336394' and name 'v++_compile_s2mm'
Tue Sep 13 10:51:50 2022: SESSION_MGR: closing session for UUID 'ea36f517-5078-4f24-8651-7eb21b336394' with name 'v++_compile_s2mm'
Tue Sep 13 10:51:50 2022: KERNEL_SVC: closing session for UUID 'ea36f517-5078-4f24-8651-7eb21b336394' with name 'v++_compile_s2mm'
Tue Sep 13 10:51:50 2022: GUIDANCE_SMGR: closing session for UUID 'ea36f517-5078-4f24-8651-7eb21b336394' with name 'v++_compile_s2mm'
Tue Sep 13 10:51:50 2022: SYSTEM_DIAGRAM: closing session for UUID 'ea36f517-5078-4f24-8651-7eb21b336394' with name 'v++_compile_s2mm'
Tue Sep 13 10:51:50 2022: STOP_SERVER received, server token: 330065d3-39f3-4b0e-a9aa-cf378f77392b, passed token: 330065d3-39f3-4b0e-a9aa-cf378f77392b
Tue Sep 13 10:51:50 2022: Socket received request to stop server.
Tue Sep 13 10:51:50 2022: Dispatch Server: do_await_stop
Tue Sep 13 10:51:50 2022: Dispatch Server: stopping mainFifo_
Tue Sep 13 10:51:50 2022: XCD main fifo: Stopping
Tue Sep 13 10:51:50 2022: XCD main fifo: do_read error code: Operation canceled
Tue Sep 13 10:51:50 2022: XCD main fifo: bytes_transferred: 0
Tue Sep 13 10:51:50 2022: SERVER: destructor for server bound to port 42102
Tue Sep 13 10:51:50 2022: XCD main fifo: Good unlink of /tmp/xcdmain330065d3-39f3-4b0e-a9aa-cf378f77392b
Tue Sep 13 10:51:50 2022: Server exiting with status 0.
Tue Sep 13 10:51:50 2022: Closing log file.
Tue Sep 13 10:51:54 2022: Running xcd server. This server was built by gradle.
Tue Sep 13 10:51:54 2022: Server was asked to start on port: '36754'
Tue Sep 13 10:51:54 2022: Server is using token UUID: 'ac762e51-8567-4ef7-b138-a29f09ede33f'
Tue Sep 13 10:51:54 2022: SESSION_MGR: creating session with session uuid: '6d04a3e9-ade5-4ab9-8d63-1f78fcd2ec76' and name 'default'
Tue Sep 13 10:51:54 2022: Attempting to start server on port '36754'
Tue Sep 13 10:51:54 2022: XCD main fifo: created main fifo '/tmp/xcdmainac762e51-8567-4ef7-b138-a29f09ede33f', fd read = 12
Tue Sep 13 10:51:54 2022: Running Dispatch Server
Tue Sep 13 10:51:54 2022: Version 2.2.0
Tue Sep 13 10:52:02 2022: Dispatch Server: Accepted socket connection from client
Tue Sep 13 10:52:02 2022: Starting Socket connection
Tue Sep 13 10:52:02 2022: EXCHANGE_TOKEN received, server token: ac762e51-8567-4ef7-b138-a29f09ede33f, passed token: ac762e51-8567-4ef7-b138-a29f09ede33f
Tue Sep 13 10:52:03 2022: DISPATCH_HANDLER: Adding handler from function makeHandler in library libxv_system_diagram
Tue Sep 13 10:52:03 2022: SESSION_MGR: creating session with session uuid: '99cc1208-d365-4c05-aa98-66f0a17461c9' and name 'v++_compile_mm2s'
Tue Sep 13 10:52:03 2022: KERNEL_SVC: creating session with uuid: '99cc1208-d365-4c05-aa98-66f0a17461c9' and name 'v++_compile_mm2s'
Tue Sep 13 10:52:03 2022: GUIDANCE_SMGR: creating guidance session with uuid: '99cc1208-d365-4c05-aa98-66f0a17461c9' and name 'v++_compile_mm2s'
Tue Sep 13 10:52:03 2022: SYSTEM_DIAGRAM: creating session with uuid: '99cc1208-d365-4c05-aa98-66f0a17461c9' and name 'v++_compile_mm2s'
Tue Sep 13 10:52:23 2022: SESSION_MGR: closing session for UUID '99cc1208-d365-4c05-aa98-66f0a17461c9' with name 'v++_compile_mm2s'
Tue Sep 13 10:52:23 2022: KERNEL_SVC: closing session for UUID '99cc1208-d365-4c05-aa98-66f0a17461c9' with name 'v++_compile_mm2s'
Tue Sep 13 10:52:23 2022: GUIDANCE_SMGR: closing session for UUID '99cc1208-d365-4c05-aa98-66f0a17461c9' with name 'v++_compile_mm2s'
Tue Sep 13 10:52:23 2022: SYSTEM_DIAGRAM: closing session for UUID '99cc1208-d365-4c05-aa98-66f0a17461c9' with name 'v++_compile_mm2s'
Tue Sep 13 10:52:23 2022: STOP_SERVER received, server token: ac762e51-8567-4ef7-b138-a29f09ede33f, passed token: ac762e51-8567-4ef7-b138-a29f09ede33f
Tue Sep 13 10:52:23 2022: Socket received request to stop server.
Tue Sep 13 10:52:23 2022: Dispatch Server: do_await_stop
Tue Sep 13 10:52:23 2022: Dispatch Server: stopping mainFifo_
Tue Sep 13 10:52:23 2022: XCD main fifo: Stopping
Tue Sep 13 10:52:23 2022: XCD main fifo: do_read error code: Operation canceled
Tue Sep 13 10:52:23 2022: XCD main fifo: bytes_transferred: 0
Tue Sep 13 10:52:23 2022: SERVER: destructor for server bound to port 36754
Tue Sep 13 10:52:23 2022: XCD main fifo: Good unlink of /tmp/xcdmainac762e51-8567-4ef7-b138-a29f09ede33f
Tue Sep 13 10:52:23 2022: Server exiting with status 0.
Tue Sep 13 10:52:23 2022: Closing log file.
Tue Sep 13 10:53:27 2022: Running xcd server. This server was NOT built by gradle, but presumably rdi.
Tue Sep 13 10:53:27 2022: Server was asked to start on port: '39981'
Tue Sep 13 10:53:27 2022: Server is using token UUID: '2b090b83-c945-4194-8ff5-8d1e8e0a9bc9'
Tue Sep 13 10:53:27 2022: SESSION_MGR: creating session with session uuid: '6d04a3e9-ade5-4ab9-8d63-1f78fcd2ec76' and name 'default'
Tue Sep 13 10:53:27 2022: Attempting to start server on port '39981'
Tue Sep 13 10:53:27 2022: XCD main fifo: created main fifo '/tmp/xcdmain2b090b83-c945-4194-8ff5-8d1e8e0a9bc9', fd read = 12
Tue Sep 13 10:53:27 2022: Running Dispatch Server
Tue Sep 13 10:53:27 2022: Version 2.2.0
Tue Sep 13 10:53:36 2022: Dispatch Server: Accepted socket connection from client
Tue Sep 13 10:53:36 2022: Starting Socket connection
Tue Sep 13 10:53:36 2022: EXCHANGE_TOKEN received, server token: 2b090b83-c945-4194-8ff5-8d1e8e0a9bc9, passed token: 2b090b83-c945-4194-8ff5-8d1e8e0a9bc9
Tue Sep 13 10:53:36 2022: SESSION_MGR: creating session with session uuid: 'ecfdce95-2eb2-4cc1-bb1c-3c7917e80a36' and name 'AIE Compilation'
Tue Sep 13 10:53:36 2022: KERNEL_SVC: creating session with uuid: 'ecfdce95-2eb2-4cc1-bb1c-3c7917e80a36' and name 'AIE Compilation'
Tue Sep 13 10:53:36 2022: GUIDANCE_SMGR: creating guidance session with uuid: 'ecfdce95-2eb2-4cc1-bb1c-3c7917e80a36' and name 'AIE Compilation'
Tue Sep 13 10:53:44 2022: Dispatch Server: Accepted socket connection from client
Tue Sep 13 10:53:44 2022: Starting Socket connection
Tue Sep 13 10:54:22 2022: SESSION_MGR: closing session for UUID 'ecfdce95-2eb2-4cc1-bb1c-3c7917e80a36' with name ''
Tue Sep 13 10:54:22 2022: KERNEL_SVC: closing session for UUID 'ecfdce95-2eb2-4cc1-bb1c-3c7917e80a36' with name ''
Tue Sep 13 10:54:22 2022: GUIDANCE_SMGR: closing session for UUID 'ecfdce95-2eb2-4cc1-bb1c-3c7917e80a36' with name ''
Tue Sep 13 10:54:23 2022: STOP_SERVER received, server token: 2b090b83-c945-4194-8ff5-8d1e8e0a9bc9, passed token: 2b090b83-c945-4194-8ff5-8d1e8e0a9bc9
Tue Sep 13 10:54:23 2022: Socket received request to stop server.
Tue Sep 13 10:54:23 2022: Dispatch Server: do_await_stop
Tue Sep 13 10:54:23 2022: Dispatch Server: stopping mainFifo_
Tue Sep 13 10:54:23 2022: XCD main fifo: Stopping
Tue Sep 13 10:54:23 2022: XCD main fifo: do_read error code: Operation canceled
Tue Sep 13 10:54:23 2022: XCD main fifo: bytes_transferred: 0
Tue Sep 13 10:54:23 2022: SERVER: destructor for server bound to port 39981
Tue Sep 13 10:54:23 2022: XCD main fifo: Good unlink of /tmp/xcdmain2b090b83-c945-4194-8ff5-8d1e8e0a9bc9
Tue Sep 13 10:54:23 2022: Server exiting with status 0.
Tue Sep 13 10:54:23 2022: Closing log file.
Tue Sep 13 11:19:06 2022: Running xcd server. This server was built by gradle.
Tue Sep 13 11:19:06 2022: Server was asked to start on port: '45575'
Tue Sep 13 11:19:06 2022: Server is using token UUID: 'e5428c4c-4e4c-4fdd-b7cd-cf849ad6a1a1'
Tue Sep 13 11:19:06 2022: SESSION_MGR: creating session with session uuid: '6d04a3e9-ade5-4ab9-8d63-1f78fcd2ec76' and name 'default'
Tue Sep 13 11:19:06 2022: Attempting to start server on port '45575'
Tue Sep 13 11:19:06 2022: XCD main fifo: created main fifo '/tmp/xcdmaine5428c4c-4e4c-4fdd-b7cd-cf849ad6a1a1', fd read = 12
Tue Sep 13 11:19:06 2022: Running Dispatch Server
Tue Sep 13 11:19:06 2022: Version 2.2.0
Tue Sep 13 11:19:15 2022: Dispatch Server: Accepted socket connection from client
Tue Sep 13 11:19:15 2022: Starting Socket connection
Tue Sep 13 11:19:15 2022: EXCHANGE_TOKEN received, server token: e5428c4c-4e4c-4fdd-b7cd-cf849ad6a1a1, passed token: e5428c4c-4e4c-4fdd-b7cd-cf849ad6a1a1
Tue Sep 13 11:19:15 2022: DISPATCH_HANDLER: Adding handler from function makeHandler in library libxv_system_diagram
Tue Sep 13 11:19:15 2022: SESSION_MGR: creating session with session uuid: '97ecb98d-09ba-406a-91af-075fdbcc3328' and name 'v++_link_tutorial'
Tue Sep 13 11:19:15 2022: KERNEL_SVC: creating session with uuid: '97ecb98d-09ba-406a-91af-075fdbcc3328' and name 'v++_link_tutorial'
Tue Sep 13 11:19:15 2022: GUIDANCE_SMGR: creating guidance session with uuid: '97ecb98d-09ba-406a-91af-075fdbcc3328' and name 'v++_link_tutorial'
Tue Sep 13 11:19:15 2022: SYSTEM_DIAGRAM: creating session with uuid: '97ecb98d-09ba-406a-91af-075fdbcc3328' and name 'v++_link_tutorial'
Tue Sep 13 11:19:45 2022: SESSION_MGR: closing session for UUID '97ecb98d-09ba-406a-91af-075fdbcc3328' with name 'v++_link_tutorial'
Tue Sep 13 11:19:45 2022: KERNEL_SVC: closing session for UUID '97ecb98d-09ba-406a-91af-075fdbcc3328' with name 'v++_link_tutorial'
Tue Sep 13 11:19:45 2022: GUIDANCE_SMGR: closing session for UUID '97ecb98d-09ba-406a-91af-075fdbcc3328' with name 'v++_link_tutorial'
Tue Sep 13 11:19:45 2022: SYSTEM_DIAGRAM: closing session for UUID '97ecb98d-09ba-406a-91af-075fdbcc3328' with name 'v++_link_tutorial'
Tue Sep 13 11:19:45 2022: STOP_SERVER received, server token: e5428c4c-4e4c-4fdd-b7cd-cf849ad6a1a1, passed token: e5428c4c-4e4c-4fdd-b7cd-cf849ad6a1a1
Tue Sep 13 11:19:45 2022: Socket received request to stop server.
Tue Sep 13 11:19:45 2022: Dispatch Server: do_await_stop
Tue Sep 13 11:19:45 2022: Dispatch Server: stopping mainFifo_
Tue Sep 13 11:19:45 2022: XCD main fifo: Stopping
Tue Sep 13 11:19:45 2022: XCD main fifo: do_read error code: Operation canceled
Tue Sep 13 11:19:45 2022: XCD main fifo: bytes_transferred: 0
Tue Sep 13 11:19:45 2022: SERVER: destructor for server bound to port 45575
Tue Sep 13 11:19:45 2022: XCD main fifo: Good unlink of /tmp/xcdmaine5428c4c-4e4c-4fdd-b7cd-cf849ad6a1a1
Tue Sep 13 11:19:45 2022: Server exiting with status 0.
Tue Sep 13 11:19:45 2022: Closing log file.
Tue Sep 13 11:38:27 2022: Running xcd server. This server was built by gradle.
Tue Sep 13 11:38:27 2022: Server was asked to start on port: '33226'
Tue Sep 13 11:38:27 2022: Server is using token UUID: 'ad7d412e-e62a-4e5d-91d1-1520cd67e49a'
Tue Sep 13 11:38:27 2022: SESSION_MGR: creating session with session uuid: '6d04a3e9-ade5-4ab9-8d63-1f78fcd2ec76' and name 'default'
Tue Sep 13 11:38:27 2022: Attempting to start server on port '33226'
Tue Sep 13 11:38:27 2022: XCD main fifo: created main fifo '/tmp/xcdmainad7d412e-e62a-4e5d-91d1-1520cd67e49a', fd read = 12
Tue Sep 13 11:38:27 2022: Running Dispatch Server
Tue Sep 13 11:38:27 2022: Version 2.2.0
Tue Sep 13 11:38:35 2022: Dispatch Server: Accepted socket connection from client
Tue Sep 13 11:38:35 2022: Starting Socket connection
Tue Sep 13 11:38:35 2022: EXCHANGE_TOKEN received, server token: ad7d412e-e62a-4e5d-91d1-1520cd67e49a, passed token: ad7d412e-e62a-4e5d-91d1-1520cd67e49a
Tue Sep 13 11:38:36 2022: DISPATCH_HANDLER: Adding handler from function makeHandler in library libxv_system_diagram
Tue Sep 13 11:38:36 2022: SESSION_MGR: creating session with session uuid: '2dfb5841-2933-4784-a57a-d15aa19cb0a4' and name 'v++_link_tutorial'
Tue Sep 13 11:38:36 2022: KERNEL_SVC: creating session with uuid: '2dfb5841-2933-4784-a57a-d15aa19cb0a4' and name 'v++_link_tutorial'
Tue Sep 13 11:38:36 2022: GUIDANCE_SMGR: creating guidance session with uuid: '2dfb5841-2933-4784-a57a-d15aa19cb0a4' and name 'v++_link_tutorial'
Tue Sep 13 11:38:36 2022: SYSTEM_DIAGRAM: creating session with uuid: '2dfb5841-2933-4784-a57a-d15aa19cb0a4' and name 'v++_link_tutorial'
Tue Sep 13 11:39:06 2022: SESSION_MGR: closing session for UUID '2dfb5841-2933-4784-a57a-d15aa19cb0a4' with name 'v++_link_tutorial'
Tue Sep 13 11:39:06 2022: KERNEL_SVC: closing session for UUID '2dfb5841-2933-4784-a57a-d15aa19cb0a4' with name 'v++_link_tutorial'
Tue Sep 13 11:39:06 2022: GUIDANCE_SMGR: closing session for UUID '2dfb5841-2933-4784-a57a-d15aa19cb0a4' with name 'v++_link_tutorial'
Tue Sep 13 11:39:06 2022: SYSTEM_DIAGRAM: closing session for UUID '2dfb5841-2933-4784-a57a-d15aa19cb0a4' with name 'v++_link_tutorial'
Tue Sep 13 11:39:06 2022: STOP_SERVER received, server token: ad7d412e-e62a-4e5d-91d1-1520cd67e49a, passed token: ad7d412e-e62a-4e5d-91d1-1520cd67e49a
Tue Sep 13 11:39:06 2022: Socket received request to stop server.
Tue Sep 13 11:39:06 2022: Dispatch Server: do_await_stop
Tue Sep 13 11:39:06 2022: Dispatch Server: stopping mainFifo_
Tue Sep 13 11:39:06 2022: XCD main fifo: Stopping
Tue Sep 13 11:39:06 2022: XCD main fifo: do_read error code: Operation canceled
Tue Sep 13 11:39:06 2022: XCD main fifo: bytes_transferred: 0
Tue Sep 13 11:39:06 2022: SERVER: destructor for server bound to port 33226
Tue Sep 13 11:39:06 2022: XCD main fifo: Good unlink of /tmp/xcdmainad7d412e-e62a-4e5d-91d1-1520cd67e49a
Tue Sep 13 11:39:06 2022: Server exiting with status 0.
Tue Sep 13 11:39:06 2022: Closing log file.
