# 
# Steps log generated by v++
# This log file contains a collection of steps that describe the kernel compilation flow
# Note: Some steps are tagged as internal, these steps are for debugging purposes and 
#       are not expected to be able to run independently.
# 

# The following environment variables are set when running v++
Environment variables :
------------------------------------------
AS=aarch64-xilinx-linux-as 
OECORE_TARGET_SYSROOT=/home/msears/tools/SDK/sysroots/cortexa72-cortexa53-xilinx-linux
ENVROOT=/proj/rdi-xsj/builds/HEAD/nightly/RUNNING_BUILD/hierdesign
LDFLAGS=-Wl,-O1 -Wl,--hash-style=gnu -Wl,--as-needed  -Wl,-z,relro,-z,now
AR=aarch64-xilinx-linux-ar
MANPATH=.:/usr/local/man:/usr/man
_RDI_DONT_SET_XILINX_AS_PATH=True
XDG_SESSION_ID=727698
TARGET_PREFIX=aarch64-xilinx-linux-
TERM_PROGRAM=vscode
M4=m4
OE_CMAKE_FIND_LIBRARY_CUSTOM_LIB_SUFFIX=
OE_CMAKE_TOOLCHAIN_FILE=/home/msears/tools/SDK/sysroots/x86_64-petalinux-linux/usr/share/cmake/OEToolchainConfig.cmake
XiWINMGR=olwm
XILINX_DSP=
HOST=xsjrdevl165
TERM=xterm-256color
SHELL=/bin/csh
MAKEFLAGS=
NM=aarch64-xilinx-linux-nm
SSH_CLIENT=172.19.164.172 62239 22
OECORE_DISTRO_VERSION=2022.1_release_S04190222
CPPFLAGS=
MYVIVADO=
TERM_PROGRAM_VERSION=1.70.2
X11HOME=/tools/x11r5/sun3
RDI_TPS_ROOT=/proj/xbuilds/SWIP/2022.1_0420_0327/installs/lin64/Vivado/2022.1/tps/lnx64
QTDIR=/usr/lib64/qt-3.3
HDI_PROCESSOR=x86_64
QTINC=/usr/lib64/qt-3.3/include
SYNTH_COMMON=/proj/xbuilds/SWIP/2022.1_0420_0327/installs/lin64/Vitis/2022.1/scripts/rt/data
LC_ALL=en_US.UTF-8
RDI_JAVA_VERSION=11.0.11_9
RT_TCL_PATH=/proj/xbuilds/SWIP/2022.1_0420_0327/installs/lin64/Vitis/2022.1/scripts/rt/base_tcl/tcl
RDI_PREPEND_PATH=/proj/xbuilds/SWIP/2022.1_0420_0327/installs/lin64/Vitis/2022.1/bin
QT_GRAPHICSSYSTEM_CHECKED=1
RDI_OPT_EXT=.o
GROUP=newhiredefaultgrp
GDB=aarch64-xilinx-linux-gdb
USER=msears
OECORE_SDK_VERSION=2022.1
LD_LIBRARY_PATH=/proj/xbuilds/SWIP/2022.1_0420_0327/installs/lin64/Vitis/2022.1/lib/lnx64.o/Default:/proj/xbuilds/SWIP/2022.1_0420_0327/installs/lin64/Vitis/2022.1/lib/lnx64.o:/proj/xbuilds/SWIP/2022.1_0420_0327/installs/lin64/Vitis/2022.1/tps/lnx64/jre11.0.11_9/lib/:/proj/xbuilds/SWIP/2022.1_0420_0327/installs/lin64/Vitis/2022.1/tps/lnx64/jre11.0.11_9/lib//server:/proj/xbuilds/SWIP/2022.1_0420_0327/installs/lin64/Vitis/2022.1/lib/lnx64.o/Default:/proj/xbuilds/SWIP/2022.1_0420_0327/installs/lin64/Vitis/2022.1/lib/lnx64.o:/proj/xbuilds/SWIP/2022.1_0420_0327/installs/lin64/Vitis/2022.1/bin/../lnx64/tools/dot/lib
OPENWINHOME=/usr/openwin
RDI_PATCHROOT=
TCL_LIBRARY=/proj/xbuilds/SWIP/2022.1_0420_0327/installs/lin64/Vitis/2022.1/tps/tcl/tcl8.5
DSPLIB_ROOT=/home/msears/Vitis_Libraries/dsp
PKG_CONFIG_SYSROOT_DIR=/home/msears/tools/SDK/sysroots/cortexa72-cortexa53-xilinx-linux
HOSTTYPE=x86_64-linux
RDI_PLATFORM=lnx64
ver=Description: CentOS Linux release 7.4.1708 (Core)
MAKELEVEL=1
CXXFLAGS= -O2 -pipe -g -feliminate-unused-debug-types 
CONFIG_SITE=/home/msears/tools/SDK/site-config-cortexa72-cortexa53-xilinx-linux
MFLAGS=
RDI_BUILD=yes
RT_LIBPATH=/proj/xbuilds/SWIP/2022.1_0420_0327/installs/lin64/Vitis/2022.1/scripts/rt/data
CPP=aarch64-xilinx-linux-gcc -E  -mcpu=cortex-a72.cortex-a53 -march=armv8-a+crc -fstack-protector-strong  -O2 -D_FORTIFY_SOURCE=2 -Wformat -Wformat-security -Werror=format-security --sysroot=/home/msears/tools/SDK/sysroots/cortexa72-cortexa53-xilinx-linux
RDI_LIBDIR=/proj/xbuilds/SWIP/2022.1_0420_0327/installs/lin64/Vitis/2022.1/lib/lnx64.o/Default:/proj/xbuilds/SWIP/2022.1_0420_0327/installs/lin64/Vitis/2022.1/lib/lnx64.o
MAIL=/home/msears/mail/inbox
PATH=/proj/xbuilds/SWIP/2022.1_0420_0327/installs/lin64/Vivado/2022.1/tps/lnx64/binutils-2.26/bin:/proj/xbuilds/SWIP/2022.1_0420_0327/installs/lin64/Vitis/2022.1/bin/../gnu/aarch64/lin/aarch64-linux/bin:/proj/xbuilds/SWIP/2022.1_0420_0327/installs/lin64/Vitis/2022.1/bin/../gnu/ppc64le/4.9.3/lnx64/bin:/proj/xbuilds/SWIP/2022.1_0420_0327/installs/lin64/Vitis/2022.1/bin/../gnu/aarch32/lin/gcc-arm-linux-gnueabi/bin:/proj/xbuilds/SWIP/2022.1_0420_0327/installs/lin64/Vivado/2022.1/tps/lnx64/gcc-8.3.0/bin:/proj/xbuilds/SWIP/2022.1_0420_0327/installs/lin64/Vivado/2022.1/gnu/microblaze/lin/bin:/proj/xbuilds/SWIP/2022.1_0420_0327/installs/lin64/Vitis/2022.1/bin:/proj/xbuilds/SWIP/2022.1_0420_0327/installs/lin64/Vitis/2022.1/tps/lnx64/jre11.0.11_9/bin:/proj/xbuilds/SWIP/2022.1_0420_0327/installs/lin64/Vivado/2022.1/bin:/home/msears/tools/SDK/sysroots/x86_64-petalinux-linux/usr/bin:/home/msears/tools/SDK/sysroots/x86_64-petalinux-linux/usr/sbin:/home/msears/tools/SDK/sysroots/x86_64-petalinux-linux/bin:/home/msears/tools/SDK/sysroots/x86_64-petalinux-linux/sbin:/home/msears/tools/SDK/sysroots/x86_64-petalinux-linux/usr/bin/../x86_64-petalinux-linux/bin:/home/msears/tools/SDK/sysroots/x86_64-petalinux-linux/usr/bin/aarch64-xilinx-linux:/home/msears/tools/SDK/sysroots/x86_64-petalinux-linux/usr/bin/aarch64-xilinx-linux-musl:/home/msears/.vscode-server/bin/e4503b30fc78200f846c62cf8091b76ff5547662/bin/remote-cli:/proj/xbuilds/SWIP/2022.1_0420_0327/installs/lin64/Vitis_HLS/2022.1/bin:/proj/xbuilds/SWIP/2022.1_0420_0327/installs/lin64/Model_Composer/2022.1/bin:/proj/xbuilds/SWIP/2022.1_0420_0327/installs/lin64/Vitis/2022.1/gnu/microblaze/lin/bin:/proj/xbuilds/SWIP/2022.1_0420_0327/installs/lin64/Vitis/2022.1/gnu/arm/lin/bin:/proj/xbuilds/SWIP/2022.1_0420_0327/installs/lin64/Vitis/2022.1/gnu/microblaze/linux_toolchain/lin64_le/bin:/proj/xbuilds/SWIP/2022.1_0420_0327/installs/lin64/Vitis/2022.1/gnu/aarch32/lin/gcc-arm-linux-gnueabi/bin:/proj/xbuilds/SWIP/2022.1_0420_0327/installs/lin64/Vitis/2022.1/gnu/aarch32/lin/gcc-arm-none-eabi/bin:/proj/xbuilds/SWIP/2022.1_0420_0327/installs/lin64/Vitis/2022.1/gnu/aarch64/lin/aarch64-linux/bin:/proj/xbuilds/SWIP/2022.1_0420_0327/installs/lin64/Vitis/2022.1/gnu/aarch64/lin/aarch64-none/bin:/proj/xbuilds/SWIP/2022.1_0420_0327/installs/lin64/Vitis/2022.1/gnu/armr5/lin/gcc-arm-none-eabi/bin:/proj/xbuilds/SWIP/2022.1_0420_0327/installs/lin64/Vitis/2022.1/tps/lnx64/cmake-3.3.2/bin:/proj/xbuilds/SWIP/2022.1_0420_0327/installs/lin64/Vitis/2022.1/aietools/bin:/proj/xbuilds/SWIP/2022.1_0420_0327/installs/lin64/DocNav:/home/msears/.local/bin:/tools/batonroot/rodin/devkits/lnx64/python-3.8.3/python-3.8.3_openssl/bin/:/group/xrlabs/tools/x86_64_RHEL7/bin:/proj/xbuilds/SWIP/2020.1_0602_1208/installs/lin64/Model_Composer/2020.1/bin:/proj/xbuilds/SWIP/2020.1_0602_1208/installs/lin64/Vitis/2020.1/bin:/proj/xbuilds/SWIP/2020.1_0602_1208/installs/lin64/Vitis/2020.1/gnu/microblaze/lin/bin:/proj/xbuilds/SWIP/2020.1_0602_1208/installs/lin64/Vitis/2020.1/gnu/arm/lin/bin:/proj/xbuilds/SWIP/2020.1_0602_1208/installs/lin64/Vitis/2020.1/gnu/microblaze/linux_toolchain/lin64_le/bin:/proj/xbuilds/SWIP/2020.1_0602_1208/installs/lin64/Vitis/2020.1/gnu/aarch32/lin/gcc-arm-linux-gnueabi/bin:/proj/xbuilds/SWIP/2020.1_0602_1208/installs/lin64/Vitis/2020.1/gnu/aarch32/lin/gcc-arm-none-eabi/bin:/proj/xbuilds/SWIP/2020.1_0602_1208/installs/lin64/Vitis/2020.1/gnu/aarch64/lin/aarch64-linux/bin:/proj/xbuilds/SWIP/2020.1_0602_1208/installs/lin64/Vitis/2020.1/gnu/aarch64/lin/aarch64-none/bin:/proj/xbuilds/SWIP/2020.1_0602_1208/installs/lin64/Vitis/2020.1/gnu/armr5/lin/gcc-arm-none-eabi/bin:/proj/xbuilds/SWIP/2020.1_0602_1208/installs/lin64/Vitis/2020.1/tps/lnx64/cmake-3.3.2/bin:/proj/xbuilds/SWIP/2020.1_0602_1208/installs/lin64/Vitis/2020.1/cardano/bin:/proj/xbuilds/SWIP/2020.1_0602_1208/installs/lin64/Vivado/2020.1/bin:/proj/xbuilds/SWIP/2020.1_0602_1208/installs/lin64/DocNav:/home/msears/bin:/usr/local/bin:/mis/TREE/bin:/usr/bin:/bin:/usr/ucb:/tools/batonroot/rodin/devkits/lnx64/gcc-8.3.0/bin/
XILINX_VITIS=/proj/xbuilds/SWIP/2022.1_0420_0327/installs/lin64/Vitis/2022.1
LD=aarch64-xilinx-linux-ld  --sysroot=/home/msears/tools/SDK/sysroots/cortexa72-cortexa53-xilinx-linux
PWD=/home/msears/Vitis-Tutorials/AI_Engine_Development/Feature_Tutorials/05-AI-engine-versal-integration/sw
XIL_CHECK_TCL_DEBUG=False
STRIP=aarch64-xilinx-linux-strip
XILINX_VIVADO_HLS=/proj/xbuilds/SWIP/2022.1_0420_0327/installs/lin64/Vivado/2022.1
LANG=en_US.UTF-8
HDI_APPROOT=/proj/xbuilds/SWIP/2022.1_0420_0327/installs/lin64/Vitis/2022.1
KDEDIRS=/usr
OECORE_TARGET_ARCH=aarch64
OECORE_NATIVE_SYSROOT=/home/msears/tools/SDK/sysroots/x86_64-petalinux-linux
VSCODE_GIT_ASKPASS_EXTRA_ARGS=
CONFIGURE_FLAGS=--target=aarch64-xilinx-linux --host=aarch64-xilinx-linux --build=x86_64-linux --with-libtool-sysroot=/home/msears/tools/SDK/sysroots/cortexa72-cortexa53-xilinx-linux
XILINX_HLS=/proj/xbuilds/SWIP/2022.1_0420_0327/installs/lin64/Vitis_HLS/2022.1
XILINX_VIVADO=/proj/xbuilds/SWIP/2022.1_0420_0327/installs/lin64/Vivado/2022.1
XiSUE=true
XILINX_SDK=/proj/xbuilds/SWIP/2022.1_0420_0327/installs/lin64/Vitis/2022.1
CXX=aarch64-xilinx-linux-g++  -mcpu=cortex-a72.cortex-a53 -march=armv8-a+crc -fstack-protector-strong  -O2 -D_FORTIFY_SOURCE=2 -Wformat -Wformat-security -Werror=format-security --sysroot=/home/msears/tools/SDK/sysroots/cortexa72-cortexa53-xilinx-linux
XiSUEHOME=/tools/sue
KCFLAGS=--sysroot=/home/msears/tools/SDK/sysroots/cortexa72-cortexa53-xilinx-linux
XiSET=true
OECORE_BASELIB=lib
OBJCOPY=aarch64-xilinx-linux-objcopy
OECORE_TARGET_OS=linux
ISL_IOSTREAMS_RSA=/proj/xbuilds/SWIP/2022.1_0420_0327/installs/lin64/Vitis/2022.1/tps/isl
SHLVL=7
HOME=/home/msears
RDI_BASEROOT=/proj/xbuilds/SWIP/2022.1_0420_0327/installs/lin64/Vitis
LANGUAGE=en_US:en
OSTYPE=linux
VSCODE_GIT_ASKPASS_MAIN=/home/msears/.vscode-server/bin/e4503b30fc78200f846c62cf8091b76ff5547662/extensions/git/dist/askpass-main.js
OPENSSL_CONF=/home/msears/tools/SDK/sysroots/x86_64-petalinux-linux/usr/lib/ssl-1.1/openssl.cnf
RDI_APPROOT=/proj/xbuilds/SWIP/2022.1_0420_0327/installs/lin64/Vitis/2022.1
CFLAGS= -O2 -pipe -g -feliminate-unused-debug-types 
VENDOR=unknown
PYTHONPATH=/tools/batonroot/rodin/devkits/lnx64/python-3.8.3/packages/lib/python3.8/site-packages/
LOGNAME=msears
MACHTYPE=x86_64
RDI_JAVA_PLATFORM=
QTLIB=/usr/lib64/qt-3.3/lib
PLATFORM_REPO_PATHS=/proj/xbuilds/SWIP/2022.1_0420_0327/installs/lin64/Vitis/2022.1/base_platforms
VSCODE_GIT_IPC_HANDLE=/run/user/145677/vscode-git-e27cb4716b.sock
SSH_CONNECTION=172.19.164.172 62239 10.18.4.76 22
RDI_BINROOT=/proj/xbuilds/SWIP/2022.1_0420_0327/installs/lin64/Vitis/2022.1/bin
VSCODE_IPC_HOOK_CLI=/run/user/145677/vscode-ipc-ef4010f8-9d7b-4b76-97e9-21fd689c0243.sock
OECORE_ACLOCAL_OPTS=-I /home/msears/tools/SDK/sysroots/x86_64-petalinux-linux/usr/share/aclocal
PKG_CONFIG_PATH=/home/msears/tools/SDK/sysroots/cortexa72-cortexa53-xilinx-linux/usr/lib/pkgconfig:/home/msears/tools/SDK/sysroots/cortexa72-cortexa53-xilinx-linux/usr/share/pkgconfig
LESSOPEN=||/usr/bin/lesspipe.sh %s
BROWSER=/home/msears/.vscode-server/bin/e4503b30fc78200f846c62cf8091b76ff5547662/bin/helpers/browser.sh
ARCH=arm64
RANLIB=aarch64-xilinx-linux-ranlib
GIT_ASKPASS=/home/msears/.vscode-server/bin/e4503b30fc78200f846c62cf8091b76ff5547662/extensions/git/dist/askpass.sh
VSCODE_GIT_ASKPASS_NODE=/home/msears/.vscode-server/bin/e4503b30fc78200f846c62cf8091b76ff5547662/node
XiGROUPS=newhiredefaultgrp xrlabs ghe_users
RDI_PROG=/proj/xbuilds/SWIP/2022.1_0420_0327/installs/lin64/Vitis/2022.1/bin/unwrapped/lnx64.o/v++
CROSS_COMPILE=aarch64-xilinx-linux-
CC=aarch64-xilinx-linux-gcc  -mcpu=cortex-a72.cortex-a53 -march=armv8-a+crc -fstack-protector-strong  -O2 -D_FORTIFY_SOURCE=2 -Wformat -Wformat-security -Werror=format-security --sysroot=/home/msears/tools/SDK/sysroots/cortexa72-cortexa53-xilinx-linux
XDG_RUNTIME_DIR=/run/user/145677
XIL_NO_OVERRIDE=0
XIL_SUPPRESS_OVERRIDE_WARNINGS=1
XILINX_PLANAHEAD=/proj/xbuilds/SWIP/2022.1_0420_0327/installs/lin64/Vitis/2022.1
READELF=aarch64-xilinx-linux-readelf
QT_PLUGIN_PATH=/usr/lib64/kde4/plugins:/usr/lib/kde4/plugins
XiOSREL=Linux3.10.0-693.el7.x86_64
HDIPRELDPATH=/proj/xbuilds/SWIP/2022.1_0420_0327/installs/lin64/Vitis/2022.1/lib/lnx64.o/Default:/proj/xbuilds/SWIP/2022.1_0420_0327/installs/lin64/Vitis/2022.1/lib/lnx64.o:/proj/xbuilds/SWIP/2022.1_0420_0327/installs/lin64/Vitis/2022.1/bin/../lnx64/tools/dot/lib
OBJDUMP=aarch64-xilinx-linux-objdump
SDKTARGETSYSROOT=/home/msears/tools/SDK/sysroots/cortexa72-cortexa53-xilinx-linux
RDI_INSTALLVER=2022.1
RDI_DATADIR=/proj/xbuilds/SWIP/2022.1_0420_0327/installs/lin64/Vitis/2022.1/data
COLORTERM=truecolor
RDI_INSTALLROOT=/proj/xbuilds/SWIP/2022.1_0420_0327/installs/lin64
_=/proj/xbuilds/SWIP/2022.1_0420_0327/installs/lin64/Vitis/2022.1/bin/unwrapped/lnx64.o/v++
XILINX_CD_CONNECT_ID=34476
XILINX_CD_SESSION=71e74a27-f1c3-46b8-9184-f695e342ad2b
XILINX_RS_PORT=39865
XILINX_RS_SESSION=4e6f6343-7675-4450-9eb8-4ef85f4e830b


V++ command line:
------------------------------------------
/proj/xbuilds/SWIP/2022.1_0420_0327/installs/lin64/Vitis/2022.1/bin/unwrapped/lnx64.o/v++ -p -t sw_emu -f /proj/xbuilds/SWIP/2022.1_0420_0327/installs/lin64/Vitis/2022.1/base_platforms/xilinx_vck190_base_202210_1/xilinx_vck190_base_202210_1.xpfm --package.rootfs=/home/msears/tools/xilinx-versal-common-v2022.1/rootfs.ext4 --package.image_format=ext4 --package.boot_mode=sd --package.kernel_image=/home/msears/tools/xilinx-versal-common-v2022.1/Image --package.defer_aie_run --package.sd_file embedded_exec.sh --package.sd_file host.exe ../tutorial.xsa ../libadf.a 

FINAL PROGRAM OPTIONS
--input_files ../tutorial.xsa
--input_files ../libadf.a
--optimize 0
--package
--package.boot_mode sd
--package.defer_aie_run
--package.image_format ext4
--package.kernel_image /home/msears/tools/xilinx-versal-common-v2022.1/Image
--package.rootfs /home/msears/tools/xilinx-versal-common-v2022.1/rootfs.ext4
--package.sd_file embedded_exec.sh
--package.sd_file host.exe
--platform /proj/xbuilds/SWIP/2022.1_0420_0327/installs/lin64/Vitis/2022.1/base_platforms/xilinx_vck190_base_202210_1/xilinx_vck190_base_202210_1.xpfm
--report_level 0
--target sw_emu

PARSED COMMAND LINE OPTIONS
-p 
-t sw_emu 
-f /proj/xbuilds/SWIP/2022.1_0420_0327/installs/lin64/Vitis/2022.1/base_platforms/xilinx_vck190_base_202210_1/xilinx_vck190_base_202210_1.xpfm 
--package.rootfs=/home/msears/tools/xilinx-versal-common-v2022.1/rootfs.ext4 
--package.image_format=ext4 
--package.boot_mode=sd 
--package.kernel_image=/home/msears/tools/xilinx-versal-common-v2022.1/Image 
--package.defer_aie_run 
--package.sd_file embedded_exec.sh 
--package.sd_file host.exe 
../tutorial.xsa 
../libadf.a 

EXPANDED PARAMETERS
From application of optMap.xml: 
 --vivado.prop "run.__KERNEL__.{STEPS.SYNTH_DESIGN.ARGS.MORE OPTIONS}={-directive sdx_optimization_effort_high}" --advanced.misc "report=type report_timing_summary name impl_report_timing_summary_route_design_summary steps {route_design} runs {impl_1} options {-max_paths 10}" --advanced.misc "report=type report_timing_summary name impl_report_timing_summary_post_route_phys_opt_design_summary steps {post_route_phys_opt_design} runs {impl_1} options {-max_paths 10}"


FINAL PLATFORM PATH
/proj/xbuilds/SWIP/2022.1_0420_0327/installs/lin64/Vitis/2022.1/base_platforms/xilinx_vck190_base_202210_1/xilinx_vck190_base_202210_1.xpfm

==========================================
new:  steps log generated by v++ for new launch 
timestamp: 13 Sep 2022 14:24:53
------------------------------------------
V++ internal step: extracting link runtime data from input xsa
timestamp: 13 Sep 2022 14:24:53
V++ internal step status: success
------------------------------------------
V++ internal step: running xclbinutil to extract system diagram from input xclbin
timestamp: 13 Sep 2022 14:24:53
cmd: /proj/xbuilds/SWIP/2022.1_0420_0327/installs/lin64/Vitis/2022.1/bin/xclbinutil --input /home/msears/Vitis-Tutorials/AI_Engine_Development/Feature_Tutorials/05-AI-engine-versal-integration/sw/_x/package/link.xclbin --dump-section SYSTEM_METADATA:RAW:/home/msears/Vitis-Tutorials/AI_Engine_Development/Feature_Tutorials/05-AI-engine-versal-integration/sw/_x/package/extractedSystemDiagram.json --quiet
V++ internal step status: success
------------------------------------------
V++ internal step: running xclbinutil to extract platform.pdi from input xclbin for sw_emu target
timestamp: 13 Sep 2022 14:24:55
cmd: /proj/xbuilds/SWIP/2022.1_0420_0327/installs/lin64/Vitis/2022.1/bin/xclbinutil --input /home/msears/Vitis-Tutorials/AI_Engine_Development/Feature_Tutorials/05-AI-engine-versal-integration/sw/_x/package/link.xclbin --dump-section PDI:RAW:/home/msears/Vitis-Tutorials/AI_Engine_Development/Feature_Tutorials/05-AI-engine-versal-integration/sw/_x/package/platform.pdi --quiet
V++ internal step status: success
------------------------------------------
V++ internal step: running xclbinutil to extract emulationData from input xclbin for sw_emu target
timestamp: 13 Sep 2022 14:24:57
cmd: /proj/xbuilds/SWIP/2022.1_0420_0327/installs/lin64/Vitis/2022.1/bin/xclbinutil --input /home/msears/Vitis-Tutorials/AI_Engine_Development/Feature_Tutorials/05-AI-engine-versal-integration/sw/_x/package/link.xclbin --dump-section EMULATION_DATA:RAW:/home/msears/Vitis-Tutorials/AI_Engine_Development/Feature_Tutorials/05-AI-engine-versal-integration/sw/_x/package/emulation_data.zip --quiet
V++ internal step status: success
------------------------------------------
V++ internal step: unzipping the extracted sim data from input xclbin
timestamp: 13 Sep 2022 14:24:58
V++ internal step status: success
------------------------------------------
V++ internal step: running ar to extract a object file cfg.o from /home/msears/Vitis-Tutorials/AI_Engine_Development/Feature_Tutorials/05-AI-engine-versal-integration/sw/../libadf.a to /home/msears/Vitis-Tutorials/AI_Engine_Development/Feature_Tutorials/05-AI-engine-versal-integration/sw/_x/package/cfg.o
timestamp: 13 Sep 2022 14:24:58
cmd: /proj/xbuilds/SWIP/2022.1_0420_0327/installs/lin64/Vivado/2022.1/tps/lnx64/binutils-2.26/bin/ar x /home/msears/Vitis-Tutorials/AI_Engine_Development/Feature_Tutorials/05-AI-engine-versal-integration/sw/../libadf.a cfg.o
V++ internal step status: success
------------------------------------------
V++ internal step: running objcopy to extract a section .aie.control.config.json from /home/msears/Vitis-Tutorials/AI_Engine_Development/Feature_Tutorials/05-AI-engine-versal-integration/sw/_x/package/cfg.o to /home/msears/Vitis-Tutorials/AI_Engine_Development/Feature_Tutorials/05-AI-engine-versal-integration/sw/_x/package/aie_control_config.json
timestamp: 13 Sep 2022 14:24:58
cmd: /proj/xbuilds/SWIP/2022.1_0420_0327/installs/lin64/Vivado/2022.1/tps/lnx64/binutils-2.26/bin/objcopy -O binary --set-section-flags .aie.control.config.json=alloc -j .aie.control.config.json /home/msears/Vitis-Tutorials/AI_Engine_Development/Feature_Tutorials/05-AI-engine-versal-integration/sw/_x/package/cfg.o /home/msears/Vitis-Tutorials/AI_Engine_Development/Feature_Tutorials/05-AI-engine-versal-integration/sw/_x/package/aie_control_config.json -I plugin
V++ internal step status: success
------------------------------------------
V++ internal step: generating a boot image
timestamp: 13 Sep 2022 14:24:58
V++ internal step status: success
------------------------------------------
V++ internal step: running xclbinutil to replace a section PDI:RAW: with a file /home/msears/Vitis-Tutorials/AI_Engine_Development/Feature_Tutorials/05-AI-engine-versal-integration/sw/BOOT.BIN to output xclbin: /home/msears/Vitis-Tutorials/AI_Engine_Development/Feature_Tutorials/05-AI-engine-versal-integration/sw/a.xclbin
timestamp: 13 Sep 2022 14:25:02
cmd: /proj/xbuilds/SWIP/2022.1_0420_0327/installs/lin64/Vitis/2022.1/bin/xclbinutil --input /home/msears/Vitis-Tutorials/AI_Engine_Development/Feature_Tutorials/05-AI-engine-versal-integration/sw/_x/package/link.xclbin --replace-section PDI:RAW:/home/msears/Vitis-Tutorials/AI_Engine_Development/Feature_Tutorials/05-AI-engine-versal-integration/sw/BOOT.BIN -o /home/msears/Vitis-Tutorials/AI_Engine_Development/Feature_Tutorials/05-AI-engine-versal-integration/sw/a.xclbin --quiet --force
V++ internal step status: success
------------------------------------------
V++ internal step: running xclbinutil to replace a section AIE_METADATA:JSON: with a file /home/msears/Vitis-Tutorials/AI_Engine_Development/Feature_Tutorials/05-AI-engine-versal-integration/sw/_x/package/aie_control_config.json to output xclbin: /home/msears/Vitis-Tutorials/AI_Engine_Development/Feature_Tutorials/05-AI-engine-versal-integration/sw/_x/package/./.Xil/v++-53921-xsjrdevl165/upsert.xclbin
timestamp: 13 Sep 2022 14:25:03
cmd: /proj/xbuilds/SWIP/2022.1_0420_0327/installs/lin64/Vitis/2022.1/bin/xclbinutil --input /home/msears/Vitis-Tutorials/AI_Engine_Development/Feature_Tutorials/05-AI-engine-versal-integration/sw/a.xclbin --replace-section AIE_METADATA:JSON:/home/msears/Vitis-Tutorials/AI_Engine_Development/Feature_Tutorials/05-AI-engine-versal-integration/sw/_x/package/aie_control_config.json -o /home/msears/Vitis-Tutorials/AI_Engine_Development/Feature_Tutorials/05-AI-engine-versal-integration/sw/_x/package/./.Xil/v++-53921-xsjrdevl165/upsert.xclbin --quiet --force
V++ internal step status: success
------------------------------------------
V++ internal step: copying xclbin from /home/msears/Vitis-Tutorials/AI_Engine_Development/Feature_Tutorials/05-AI-engine-versal-integration/sw/_x/package/./.Xil/v++-53921-xsjrdevl165/upsert.xclbin to /home/msears/Vitis-Tutorials/AI_Engine_Development/Feature_Tutorials/05-AI-engine-versal-integration/sw/a.xclbin
timestamp: 13 Sep 2022 14:25:05
V++ internal step status: success
------------------------------------------
V++ internal step: removing temporary xclbin: /home/msears/Vitis-Tutorials/AI_Engine_Development/Feature_Tutorials/05-AI-engine-versal-integration/sw/_x/package/./.Xil/v++-53921-xsjrdevl165/upsert.xclbin
timestamp: 13 Sep 2022 14:25:05
V++ internal step status: success
------------------------------------------
V++ internal step: zipping up /home/msears/Vitis-Tutorials/AI_Engine_Development/Feature_Tutorials/05-AI-engine-versal-integration/sw/_x/package/emulation_data/aie to /home/msears/Vitis-Tutorials/AI_Engine_Development/Feature_Tutorials/05-AI-engine-versal-integration/sw/_x/package/updated_emulation_data.zip
timestamp: 13 Sep 2022 14:25:05
V++ internal step status: success
------------------------------------------
V++ internal step: running xclbinutil to replace a section EMULATION_DATA:RAW: with a file /home/msears/Vitis-Tutorials/AI_Engine_Development/Feature_Tutorials/05-AI-engine-versal-integration/sw/_x/package/updated_emulation_data.zip to output xclbin: /home/msears/Vitis-Tutorials/AI_Engine_Development/Feature_Tutorials/05-AI-engine-versal-integration/sw/_x/package/./.Xil/v++-53921-xsjrdevl165/upsert.xclbin
timestamp: 13 Sep 2022 14:25:05
cmd: /proj/xbuilds/SWIP/2022.1_0420_0327/installs/lin64/Vitis/2022.1/bin/xclbinutil --input /home/msears/Vitis-Tutorials/AI_Engine_Development/Feature_Tutorials/05-AI-engine-versal-integration/sw/a.xclbin --replace-section EMULATION_DATA:RAW:/home/msears/Vitis-Tutorials/AI_Engine_Development/Feature_Tutorials/05-AI-engine-versal-integration/sw/_x/package/updated_emulation_data.zip -o /home/msears/Vitis-Tutorials/AI_Engine_Development/Feature_Tutorials/05-AI-engine-versal-integration/sw/_x/package/./.Xil/v++-53921-xsjrdevl165/upsert.xclbin --quiet --force
V++ internal step status: success
------------------------------------------
V++ internal step: copying xclbin from /home/msears/Vitis-Tutorials/AI_Engine_Development/Feature_Tutorials/05-AI-engine-versal-integration/sw/_x/package/./.Xil/v++-53921-xsjrdevl165/upsert.xclbin to /home/msears/Vitis-Tutorials/AI_Engine_Development/Feature_Tutorials/05-AI-engine-versal-integration/sw/a.xclbin
timestamp: 13 Sep 2022 14:25:07
V++ internal step status: success
------------------------------------------
V++ internal step: removing temporary xclbin: /home/msears/Vitis-Tutorials/AI_Engine_Development/Feature_Tutorials/05-AI-engine-versal-integration/sw/_x/package/./.Xil/v++-53921-xsjrdevl165/upsert.xclbin
timestamp: 13 Sep 2022 14:25:07
V++ internal step status: success
------------------------------------------
V++ internal step: adding the repacked xclbin as sd file
timestamp: 13 Sep 2022 14:25:07
V++ internal step status: success
------------------------------------------
V++ internal step: generating other output files
timestamp: 13 Sep 2022 14:25:07
V++ internal step status: fail
