# 
# Steps log generated by v++
# This log file contains a collection of steps that describe the kernel compilation flow
# Note: Some steps are tagged as internal, these steps are for debugging purposes and 
#       are not expected to be able to run independently.
# 

# The following environment variables are set when running v++
Environment variables :
------------------------------------------
ENVROOT=/proj/rdi-xsj/builds/HEAD/nightly/RUNNING_BUILD/hierdesign
MANPATH=.:/usr/local/man:/usr/man
_RDI_DONT_SET_XILINX_AS_PATH=True
XDG_SESSION_ID=727698
TERM_PROGRAM=vscode
XiWINMGR=olwm
XILINX_DSP=
HOST=xsjrdevl165
TERM=xterm-256color
SHELL=/bin/csh
MAKEFLAGS=
SSH_CLIENT=172.19.164.172 62239 22
MYVIVADO=
TERM_PROGRAM_VERSION=1.70.2
X11HOME=/tools/x11r5/sun3
RDI_TPS_ROOT=/proj/xbuilds/SWIP/2022.1_0420_0327/installs/lin64/Vivado/2022.1/tps/lnx64
QTDIR=/usr/lib64/qt-3.3
HDI_PROCESSOR=x86_64
QTINC=/usr/lib64/qt-3.3/include
SYNTH_COMMON=/proj/xbuilds/SWIP/2022.1_0420_0327/installs/lin64/Vitis/2022.1/scripts/rt/data
LC_ALL=en_US.UTF-8
RDI_JAVA_VERSION=11.0.11_9
RT_TCL_PATH=/proj/xbuilds/SWIP/2022.1_0420_0327/installs/lin64/Vitis/2022.1/scripts/rt/base_tcl/tcl
RDI_PREPEND_PATH=/proj/xbuilds/SWIP/2022.1_0420_0327/installs/lin64/Vitis/2022.1/bin
QT_GRAPHICSSYSTEM_CHECKED=1
RDI_OPT_EXT=.o
GROUP=newhiredefaultgrp
USER=msears
LD_LIBRARY_PATH=/proj/xbuilds/SWIP/2022.1_0420_0327/installs/lin64/Vitis/2022.1/lib/lnx64.o/Default:/proj/xbuilds/SWIP/2022.1_0420_0327/installs/lin64/Vitis/2022.1/lib/lnx64.o:/proj/xbuilds/SWIP/2022.1_0420_0327/installs/lin64/Vitis/2022.1/tps/lnx64/jre11.0.11_9/lib/:/proj/xbuilds/SWIP/2022.1_0420_0327/installs/lin64/Vitis/2022.1/tps/lnx64/jre11.0.11_9/lib//server:/proj/xbuilds/SWIP/2022.1_0420_0327/installs/lin64/Vitis/2022.1/lib/lnx64.o/Default:/proj/xbuilds/SWIP/2022.1_0420_0327/installs/lin64/Vitis/2022.1/lib/lnx64.o:/group/xrlabs/tools/x86_64_RHEL7/lib:/tools/batonroot/rodin/devkits/lnx64/python-3.8.3/python-3.8.3_openssl/lib:/tools/batonroot/rodin/devkits/lnx64/gcc-8.3.0/lib64:/proj/xbuilds/SWIP/2022.1_0420_0327/installs/lin64/Vitis/2022.1/bin/../lnx64/tools/dot/lib
LS_COLORS=rs=0:di=38;5;27:ln=38;5;51:mh=44;38;5;15:pi=40;38;5;11:so=38;5;13:do=38;5;5:bd=48;5;232;38;5;11:cd=48;5;232;38;5;3:or=48;5;232;38;5;9:mi=05;48;5;232;38;5;15:su=48;5;196;38;5;15:sg=48;5;11;38;5;16:ca=48;5;196;38;5;226:tw=48;5;10;38;5;16:ow=48;5;10;38;5;21:st=48;5;21;38;5;15:ex=38;5;34:*.tar=38;5;9:*.tgz=38;5;9:*.arc=38;5;9:*.arj=38;5;9:*.taz=38;5;9:*.lha=38;5;9:*.lz4=38;5;9:*.lzh=38;5;9:*.lzma=38;5;9:*.tlz=38;5;9:*.txz=38;5;9:*.tzo=38;5;9:*.t7z=38;5;9:*.zip=38;5;9:*.z=38;5;9:*.Z=38;5;9:*.dz=38;5;9:*.gz=38;5;9:*.lrz=38;5;9:*.lz=38;5;9:*.lzo=38;5;9:*.xz=38;5;9:*.bz2=38;5;9:*.bz=38;5;9:*.tbz=38;5;9:*.tbz2=38;5;9:*.tz=38;5;9:*.deb=38;5;9:*.rpm=38;5;9:*.jar=38;5;9:*.war=38;5;9:*.ear=38;5;9:*.sar=38;5;9:*.rar=38;5;9:*.alz=38;5;9:*.ace=38;5;9:*.zoo=38;5;9:*.cpio=38;5;9:*.7z=38;5;9:*.rz=38;5;9:*.cab=38;5;9:*.jpg=38;5;13:*.jpeg=38;5;13:*.gif=38;5;13:*.bmp=38;5;13:*.pbm=38;5;13:*.pgm=38;5;13:*.ppm=38;5;13:*.tga=38;5;13:*.xbm=38;5;13:*.xpm=38;5;13:*.tif=38;5;13:*.tiff=38;5;13:*.png=38;5;13:*.svg=38;5;13:*.svgz=38;5;13:*.mng=38;5;13:*.pcx=38;5;13:*.mov=38;5;13:*.mpg=38;5;13:*.mpeg=38;5;13:*.m2v=38;5;13:*.mkv=38;5;13:*.webm=38;5;13:*.ogm=38;5;13:*.mp4=38;5;13:*.m4v=38;5;13:*.mp4v=38;5;13:*.vob=38;5;13:*.qt=38;5;13:*.nuv=38;5;13:*.wmv=38;5;13:*.asf=38;5;13:*.rm=38;5;13:*.rmvb=38;5;13:*.flc=38;5;13:*.avi=38;5;13:*.fli=38;5;13:*.flv=38;5;13:*.gl=38;5;13:*.dl=38;5;13:*.xcf=38;5;13:*.xwd=38;5;13:*.yuv=38;5;13:*.cgm=38;5;13:*.emf=38;5;13:*.axv=38;5;13:*.anx=38;5;13:*.ogv=38;5;13:*.ogx=38;5;13:*.aac=38;5;45:*.au=38;5;45:*.flac=38;5;45:*.mid=38;5;45:*.midi=38;5;45:*.mka=38;5;45:*.mp3=38;5;45:*.mpc=38;5;45:*.ogg=38;5;45:*.ra=38;5;45:*.wav=38;5;45:*.axa=38;5;45:*.oga=38;5;45:*.spx=38;5;45:*.xspf=38;5;45:
OPENWINHOME=/usr/openwin
RDI_PATCHROOT=
TCL_LIBRARY=/proj/xbuilds/SWIP/2022.1_0420_0327/installs/lin64/Vitis/2022.1/tps/tcl/tcl8.5
DSPLIB_ROOT=/home/msears/Vitis_Libraries/dsp
HOSTTYPE=x86_64-linux
RDI_PLATFORM=lnx64
ver=Description: CentOS Linux release 7.4.1708 (Core)
MAKELEVEL=1
MFLAGS=
RDI_BUILD=yes
RT_LIBPATH=/proj/xbuilds/SWIP/2022.1_0420_0327/installs/lin64/Vitis/2022.1/scripts/rt/data
RDI_LIBDIR=/proj/xbuilds/SWIP/2022.1_0420_0327/installs/lin64/Vitis/2022.1/lib/lnx64.o/Default:/proj/xbuilds/SWIP/2022.1_0420_0327/installs/lin64/Vitis/2022.1/lib/lnx64.o
MAIL=/var/spool/mail/msears
PATH=/proj/xbuilds/SWIP/2022.1_0420_0327/installs/lin64/Vivado/2022.1/tps/lnx64/binutils-2.26/bin:/proj/xbuilds/SWIP/2022.1_0420_0327/installs/lin64/Vitis/2022.1/bin/../gnu/aarch64/lin/aarch64-linux/bin:/proj/xbuilds/SWIP/2022.1_0420_0327/installs/lin64/Vitis/2022.1/bin/../gnu/ppc64le/4.9.3/lnx64/bin:/proj/xbuilds/SWIP/2022.1_0420_0327/installs/lin64/Vitis/2022.1/bin/../gnu/aarch32/lin/gcc-arm-linux-gnueabi/bin:/proj/xbuilds/SWIP/2022.1_0420_0327/installs/lin64/Vivado/2022.1/tps/lnx64/gcc-8.3.0/bin:/proj/xbuilds/SWIP/2022.1_0420_0327/installs/lin64/Vivado/2022.1/gnu/microblaze/lin/bin:/proj/xbuilds/SWIP/2022.1_0420_0327/installs/lin64/Vitis/2022.1/bin:/proj/xbuilds/SWIP/2022.1_0420_0327/installs/lin64/Vitis/2022.1/tps/lnx64/jre11.0.11_9/bin:/proj/xbuilds/SWIP/2022.1_0420_0327/installs/lin64/Vivado/2022.1/bin:/proj/xbuilds/SWIP/2022.1_0420_0327/installs/lin64/Vitis_HLS/2022.1/bin:/proj/xbuilds/SWIP/2022.1_0420_0327/installs/lin64/Model_Composer/2022.1/bin:/proj/xbuilds/SWIP/2022.1_0420_0327/installs/lin64/Vitis/2022.1/gnu/microblaze/lin/bin:/proj/xbuilds/SWIP/2022.1_0420_0327/installs/lin64/Vitis/2022.1/gnu/arm/lin/bin:/proj/xbuilds/SWIP/2022.1_0420_0327/installs/lin64/Vitis/2022.1/gnu/microblaze/linux_toolchain/lin64_le/bin:/proj/xbuilds/SWIP/2022.1_0420_0327/installs/lin64/Vitis/2022.1/gnu/aarch32/lin/gcc-arm-linux-gnueabi/bin:/proj/xbuilds/SWIP/2022.1_0420_0327/installs/lin64/Vitis/2022.1/gnu/aarch32/lin/gcc-arm-none-eabi/bin:/proj/xbuilds/SWIP/2022.1_0420_0327/installs/lin64/Vitis/2022.1/gnu/aarch64/lin/aarch64-linux/bin:/proj/xbuilds/SWIP/2022.1_0420_0327/installs/lin64/Vitis/2022.1/gnu/aarch64/lin/aarch64-none/bin:/proj/xbuilds/SWIP/2022.1_0420_0327/installs/lin64/Vitis/2022.1/gnu/armr5/lin/gcc-arm-none-eabi/bin:/proj/xbuilds/SWIP/2022.1_0420_0327/installs/lin64/Vitis/2022.1/tps/lnx64/cmake-3.3.2/bin:/proj/xbuilds/SWIP/2022.1_0420_0327/installs/lin64/Vitis/2022.1/aietools/bin:/proj/xbuilds/SWIP/2022.1_0420_0327/installs/lin64/DocNav:/home/msears/.local/bin:/tools/batonroot/rodin/devkits/lnx64/python-3.8.3/python-3.8.3_openssl/bin/:/group/xrlabs/tools/x86_64_RHEL7/bin:/proj/xbuilds/SWIP/2020.1_0602_1208/installs/lin64/Model_Composer/2020.1/bin:/proj/xbuilds/SWIP/2020.1_0602_1208/installs/lin64/Vitis/2020.1/bin:/proj/xbuilds/SWIP/2020.1_0602_1208/installs/lin64/Vitis/2020.1/gnu/microblaze/lin/bin:/proj/xbuilds/SWIP/2020.1_0602_1208/installs/lin64/Vitis/2020.1/gnu/arm/lin/bin:/proj/xbuilds/SWIP/2020.1_0602_1208/installs/lin64/Vitis/2020.1/gnu/microblaze/linux_toolchain/lin64_le/bin:/proj/xbuilds/SWIP/2020.1_0602_1208/installs/lin64/Vitis/2020.1/gnu/aarch32/lin/gcc-arm-linux-gnueabi/bin:/proj/xbuilds/SWIP/2020.1_0602_1208/installs/lin64/Vitis/2020.1/gnu/aarch32/lin/gcc-arm-none-eabi/bin:/proj/xbuilds/SWIP/2020.1_0602_1208/installs/lin64/Vitis/2020.1/gnu/aarch64/lin/aarch64-linux/bin:/proj/xbuilds/SWIP/2020.1_0602_1208/installs/lin64/Vitis/2020.1/gnu/aarch64/lin/aarch64-none/bin:/proj/xbuilds/SWIP/2020.1_0602_1208/installs/lin64/Vitis/2020.1/gnu/armr5/lin/gcc-arm-none-eabi/bin:/proj/xbuilds/SWIP/2020.1_0602_1208/installs/lin64/Vitis/2020.1/tps/lnx64/cmake-3.3.2/bin:/proj/xbuilds/SWIP/2020.1_0602_1208/installs/lin64/Vitis/2020.1/cardano/bin:/proj/xbuilds/SWIP/2020.1_0602_1208/installs/lin64/Vivado/2020.1/bin:/proj/xbuilds/SWIP/2020.1_0602_1208/installs/lin64/DocNav:/home/msears/.vscode-server/bin/e4503b30fc78200f846c62cf8091b76ff5547662/bin/remote-cli:/home/msears/bin:/usr/local/bin:/mis/TREE/bin:/usr/bin:/bin:/usr/ucb:/tools/batonroot/rodin/devkits/lnx64/gcc-8.3.0/bin/:/opt/puppetlabs/bin
XILINX_VITIS=/proj/xbuilds/SWIP/2022.1_0420_0327/installs/lin64/Vitis/2022.1
PWD=/home/msears/Vitis-Tutorials/AI_Engine_Development/Feature_Tutorials/05-AI-engine-versal-integration
XIL_CHECK_TCL_DEBUG=False
XILINX_VIVADO_HLS=/proj/xbuilds/SWIP/2022.1_0420_0327/installs/lin64/Vivado/2022.1
LANG=en_US.UTF-8
HDI_APPROOT=/proj/xbuilds/SWIP/2022.1_0420_0327/installs/lin64/Vitis/2022.1
KDEDIRS=/usr
VSCODE_GIT_ASKPASS_EXTRA_ARGS=
XILINX_HLS=/proj/xbuilds/SWIP/2022.1_0420_0327/installs/lin64/Vitis_HLS/2022.1
XILINX_VIVADO=/proj/xbuilds/SWIP/2022.1_0420_0327/installs/lin64/Vivado/2022.1
XiSUE=true
XILINX_SDK=/proj/xbuilds/SWIP/2022.1_0420_0327/installs/lin64/Vitis/2022.1
XiSUEHOME=/tools/sue
XiSET=true
ISL_IOSTREAMS_RSA=/proj/xbuilds/SWIP/2022.1_0420_0327/installs/lin64/Vitis/2022.1/tps/isl
SHLVL=7
HOME=/home/msears
RDI_BASEROOT=/proj/xbuilds/SWIP/2022.1_0420_0327/installs/lin64/Vitis
LANGUAGE=en_US:en
OSTYPE=linux
VSCODE_GIT_ASKPASS_MAIN=/home/msears/.vscode-server/bin/e4503b30fc78200f846c62cf8091b76ff5547662/extensions/git/dist/askpass-main.js
RDI_APPROOT=/proj/xbuilds/SWIP/2022.1_0420_0327/installs/lin64/Vitis/2022.1
VENDOR=unknown
PYTHONPATH=/tools/batonroot/rodin/devkits/lnx64/python-3.8.3/packages/lib/python3.8/site-packages/
LOGNAME=msears
MACHTYPE=x86_64
RDI_JAVA_PLATFORM=
QTLIB=/usr/lib64/qt-3.3/lib
PLATFORM_REPO_PATHS=/proj/xbuilds/SWIP/2022.1_0420_0327/installs/lin64/Vitis/2022.1/base_platforms
VSCODE_GIT_IPC_HANDLE=/run/user/145677/vscode-git-e27cb4716b.sock
SSH_CONNECTION=172.19.164.172 62239 10.18.4.76 22
RDI_BINROOT=/proj/xbuilds/SWIP/2022.1_0420_0327/installs/lin64/Vitis/2022.1/bin
VSCODE_IPC_HOOK_CLI=/run/user/145677/vscode-ipc-01de87e0-3b9e-44f4-b522-15eb815cd530.sock
LESSOPEN=||/usr/bin/lesspipe.sh %s
BROWSER=/home/msears/.vscode-server/bin/e4503b30fc78200f846c62cf8091b76ff5547662/bin/helpers/browser.sh
ARCH=x86_64
GIT_ASKPASS=/home/msears/.vscode-server/bin/e4503b30fc78200f846c62cf8091b76ff5547662/extensions/git/dist/askpass.sh
VSCODE_GIT_ASKPASS_NODE=/home/msears/.vscode-server/bin/e4503b30fc78200f846c62cf8091b76ff5547662/node
XiGROUPS=newhiredefaultgrp xrlabs ghe_users
RDI_PROG=/proj/xbuilds/SWIP/2022.1_0420_0327/installs/lin64/Vitis/2022.1/bin/unwrapped/lnx64.o/v++
XDG_RUNTIME_DIR=/run/user/145677
XIL_NO_OVERRIDE=0
XIL_SUPPRESS_OVERRIDE_WARNINGS=1
XILINX_PLANAHEAD=/proj/xbuilds/SWIP/2022.1_0420_0327/installs/lin64/Vitis/2022.1
QT_PLUGIN_PATH=/usr/lib64/kde4/plugins:/usr/lib/kde4/plugins
XiOSREL=Linux3.10.0-693.el7.x86_64
HDIPRELDPATH=/proj/xbuilds/SWIP/2022.1_0420_0327/installs/lin64/Vitis/2022.1/lib/lnx64.o/Default:/proj/xbuilds/SWIP/2022.1_0420_0327/installs/lin64/Vitis/2022.1/lib/lnx64.o:/group/xrlabs/tools/x86_64_RHEL7/lib:/tools/batonroot/rodin/devkits/lnx64/python-3.8.3/python-3.8.3_openssl/lib:/tools/batonroot/rodin/devkits/lnx64/gcc-8.3.0/lib64:/proj/xbuilds/SWIP/2022.1_0420_0327/installs/lin64/Vitis/2022.1/bin/../lnx64/tools/dot/lib
RDI_INSTALLVER=2022.1
RDI_DATADIR=/proj/xbuilds/SWIP/2022.1_0420_0327/installs/lin64/Vitis/2022.1/data
COLORTERM=truecolor
RDI_INSTALLROOT=/proj/xbuilds/SWIP/2022.1_0420_0327/installs/lin64
_=/proj/xbuilds/SWIP/2022.1_0420_0327/installs/lin64/Vitis/2022.1/bin/unwrapped/lnx64.o/v++
XILINX_CD_CONNECT_ID=33226
XILINX_CD_SESSION=2dfb5841-2933-4784-a57a-d15aa19cb0a4
XILINX_RS_PORT=40692
XILINX_RS_SESSION=edf29cd3-01a5-45d9-b023-231b06dda0ed


V++ command line:
------------------------------------------
/proj/xbuilds/SWIP/2022.1_0420_0327/installs/lin64/Vitis/2022.1/bin/unwrapped/lnx64.o/v++ -l -t sw_emu --platform /proj/xbuilds/SWIP/2022.1_0420_0327/installs/lin64/Vitis/2022.1/base_platforms/xilinx_vck190_base_202210_1/xilinx_vck190_base_202210_1.xpfm s2mm.xo mm2s.xo libadf.a --save-temps -g --config system.cfg -o tutorial.xsa 

FINAL PROGRAM OPTIONS
--config system.cfg
--connectivity.nk mm2s:1:mm2s
--connectivity.nk s2mm:1:s2mm
--connectivity.sc mm2s.s:ai_engine_0.DataIn1
--connectivity.sc ai_engine_0.DataOut1:s2mm.s
--debug
--input_files s2mm.xo
--input_files mm2s.xo
--input_files libadf.a
--link
--optimize 0
--output tutorial.xsa
--platform /proj/xbuilds/SWIP/2022.1_0420_0327/installs/lin64/Vitis/2022.1/base_platforms/xilinx_vck190_base_202210_1/xilinx_vck190_base_202210_1.xpfm
--report_level 0
--save-temps
--target sw_emu

PARSED COMMAND LINE OPTIONS
-l 
-t sw_emu 
--platform /proj/xbuilds/SWIP/2022.1_0420_0327/installs/lin64/Vitis/2022.1/base_platforms/xilinx_vck190_base_202210_1/xilinx_vck190_base_202210_1.xpfm 
s2mm.xo 
mm2s.xo 
libadf.a 
--save-temps 
-g 
--config system.cfg 
-o tutorial.xsa 

PARSED CONFIG FILE (1) OPTIONS
file: system.cfg
connectivity.nk mm2s:1:mm2s 
connectivity.nk s2mm:1:s2mm 
connectivity.sc mm2s.s:ai_engine_0.DataIn1 
connectivity.sc ai_engine_0.DataOut1:s2mm.s 

EXPANDED PARAMETERS
From application of optMap.xml: 
 --vivado.prop "run.__KERNEL__.{STEPS.SYNTH_DESIGN.ARGS.MORE OPTIONS}={-directive sdx_optimization_effort_high}" --advanced.misc "report=type report_timing_summary name impl_report_timing_summary_route_design_summary steps {route_design} runs {impl_1} options {-max_paths 10}" --advanced.misc "report=type report_timing_summary name impl_report_timing_summary_post_route_phys_opt_design_summary steps {post_route_phys_opt_design} runs {impl_1} options {-max_paths 10}"


FINAL PLATFORM PATH
/proj/xbuilds/SWIP/2022.1_0420_0327/installs/lin64/Vitis/2022.1/base_platforms/xilinx_vck190_base_202210_1/xilinx_vck190_base_202210_1.xpfm

==========================================
new:  steps log generated by v++ for new launch 
timestamp: 13 Sep 2022 11:38:38
------------------------------------------
V++ internal step: generating xclbin xml file
timestamp: 13 Sep 2022 11:38:38
output: /home/msears/Vitis-Tutorials/AI_Engine_Development/Feature_Tutorials/05-AI-engine-versal-integration/_x/link/int/tutorial.xml
------------------------------------------
V++ internal step: running regiongen
timestamp: 13 Sep 2022 11:38:39
launch dir: /home/msears/Vitis-Tutorials/AI_Engine_Development/Feature_Tutorials/05-AI-engine-versal-integration/_x/link/int
cmd: /proj/xbuilds/SWIP/2022.1_0420_0327/installs/lin64/Vitis/2022.1/bin/../runtime/bin/regiongen_new -v -n -m /home/msears/Vitis-Tutorials/AI_Engine_Development/Feature_Tutorials/05-AI-engine-versal-integration/_x/link/int/tutorial.xml -r /home/msears/Vitis-Tutorials/AI_Engine_Development/Feature_Tutorials/05-AI-engine-versal-integration/_x/link/int/tutorial.rtd -t alg -o xcl_top
V++ internal step status: success
------------------------------------------
V++ internal step: running gcc to generate obj files for kernel source
timestamp: 13 Sep 2022 11:38:42
launch dir: /home/msears/Vitis-Tutorials/AI_Engine_Development/Feature_Tutorials/05-AI-engine-versal-integration/_x/link/int/mm2s
cmd: /proj/xbuilds/SWIP/2022.1_0420_0327/installs/lin64/Vivado/2022.1/tps/lnx64/gcc-8.3.0/bin/gcc -I . -I /proj/xbuilds/SWIP/2022.1_0420_0327/installs/lin64/Vitis_HLS/2022.1/bin/../include -I /proj/xbuilds/SWIP/2022.1_0420_0327/installs/lin64/Vitis_HLS/2022.1/bin/../lnx64/tools/auto_cc/include -I /proj/xbuilds/SWIP/2022.1_0420_0327/installs/lin64/Vitis_HLS/2022.1/bin/../common/technology/autopilot/opencl -I /proj/xbuilds/SWIP/2022.1_0420_0327/installs/lin64/Vitis/2022.1/bin/../common/technology/autopilot/opencl -I /proj/xbuilds/SWIP/2022.1_0420_0327/installs/lin64/Vitis/2022.1/bin/../data/emulation/include -std=c++14 -g -g -fPIC -g -c -DHLS_STREAM_THREAD_SAFE -MD -MT obj/mm2s.o -MP -MF obj/mm2s.Cd /home/msears/Vitis-Tutorials/AI_Engine_Development/Feature_Tutorials/05-AI-engine-versal-integration/_x/link/int/xo/mm2s/mm2s/cpu_sources/mm2s.cpp -o obj/mm2s.o
V++ internal step status: success
------------------------------------------
V++ internal step: running ar to generate .csim_cu.a
timestamp: 13 Sep 2022 11:38:45
launch dir: /home/msears/Vitis-Tutorials/AI_Engine_Development/Feature_Tutorials/05-AI-engine-versal-integration/_x/link/int/mm2s
cmd: /proj/xbuilds/SWIP/2022.1_0420_0327/installs/lin64/Vivado/2022.1/tps/lnx64/binutils-2.26/bin/ar -cr /home/msears/Vitis-Tutorials/AI_Engine_Development/Feature_Tutorials/05-AI-engine-versal-integration/_x/link/int/mm2s/mm2s.csim_cu.a /home/msears/Vitis-Tutorials/AI_Engine_Development/Feature_Tutorials/05-AI-engine-versal-integration/_x/link/int/mm2s/obj/mm2s.o
V++ internal step status: success
------------------------------------------
V++ internal step: running gcc to generate obj files for kernel source
timestamp: 13 Sep 2022 11:38:46
launch dir: /home/msears/Vitis-Tutorials/AI_Engine_Development/Feature_Tutorials/05-AI-engine-versal-integration/_x/link/int/s2mm
cmd: /proj/xbuilds/SWIP/2022.1_0420_0327/installs/lin64/Vivado/2022.1/tps/lnx64/gcc-8.3.0/bin/gcc -I . -I /proj/xbuilds/SWIP/2022.1_0420_0327/installs/lin64/Vitis_HLS/2022.1/bin/../include -I /proj/xbuilds/SWIP/2022.1_0420_0327/installs/lin64/Vitis_HLS/2022.1/bin/../lnx64/tools/auto_cc/include -I /proj/xbuilds/SWIP/2022.1_0420_0327/installs/lin64/Vitis_HLS/2022.1/bin/../common/technology/autopilot/opencl -I /proj/xbuilds/SWIP/2022.1_0420_0327/installs/lin64/Vitis/2022.1/bin/../common/technology/autopilot/opencl -I /proj/xbuilds/SWIP/2022.1_0420_0327/installs/lin64/Vitis/2022.1/bin/../data/emulation/include -std=c++14 -g -g -fPIC -g -c -DHLS_STREAM_THREAD_SAFE -MD -MT obj/s2mm.o -MP -MF obj/s2mm.Cd /home/msears/Vitis-Tutorials/AI_Engine_Development/Feature_Tutorials/05-AI-engine-versal-integration/_x/link/int/xo/s2mm/s2mm/cpu_sources/s2mm.cpp -o obj/s2mm.o
V++ internal step status: success
------------------------------------------
V++ internal step: running ar to generate .csim_cu.a
timestamp: 13 Sep 2022 11:38:49
launch dir: /home/msears/Vitis-Tutorials/AI_Engine_Development/Feature_Tutorials/05-AI-engine-versal-integration/_x/link/int/s2mm
cmd: /proj/xbuilds/SWIP/2022.1_0420_0327/installs/lin64/Vivado/2022.1/tps/lnx64/binutils-2.26/bin/ar -cr /home/msears/Vitis-Tutorials/AI_Engine_Development/Feature_Tutorials/05-AI-engine-versal-integration/_x/link/int/s2mm/s2mm.csim_cu.a /home/msears/Vitis-Tutorials/AI_Engine_Development/Feature_Tutorials/05-AI-engine-versal-integration/_x/link/int/s2mm/obj/s2mm.o
V++ internal step status: success
------------------------------------------
V++ internal step: compiling xcl_top.cpp to obj/xcl_top.o
timestamp: 13 Sep 2022 11:38:50
launch dir: /home/msears/Vitis-Tutorials/AI_Engine_Development/Feature_Tutorials/05-AI-engine-versal-integration/_x/link/int
cmd: /proj/xbuilds/SWIP/2022.1_0420_0327/installs/lin64/Vivado/2022.1/tps/lnx64/gcc-8.3.0/bin/g++ -I . -I /proj/xbuilds/SWIP/2022.1_0420_0327/installs/lin64/Vitis_HLS/2022.1/bin/../include -I /proj/xbuilds/SWIP/2022.1_0420_0327/installs/lin64/Vitis_HLS/2022.1/bin/../common/technology/autopilot/opencl -I /proj/xbuilds/SWIP/2022.1_0420_0327/installs/lin64/Vitis/2022.1/bin/../common/technology/autopilot/opencl -I /proj/xbuilds/SWIP/2022.1_0420_0327/installs/lin64/Vitis/2022.1/bin/../data/emulation/include -I /proj/xbuilds/SWIP/2022.1_0420_0327/installs/lin64/Vitis_HLS/2022.1/bin/../lnx64/tools/auto_cc/include -fPIC -g -DHLS_STREAM_THREAD_SAFE -std=c++14 -fpermissive -c -MD -MT obj/xcl_top.o -MP -MF obj/xcl_top.CXXd xcl_top.cpp -o obj/xcl_top.o
V++ internal step status: success
------------------------------------------
V++ internal step: running g++ to generate .so
timestamp: 13 Sep 2022 11:38:53
launch dir: /home/msears/Vitis-Tutorials/AI_Engine_Development/Feature_Tutorials/05-AI-engine-versal-integration/_x/link/int
cmd: /proj/xbuilds/SWIP/2022.1_0420_0327/installs/lin64/Vivado/2022.1/tps/lnx64/gcc-8.3.0/bin/g++ -fPIC -DHLS_STREAM_THREAD_SAFE -std=c++14 -Wall -shared -Wl,--whole-archive,-soname,tutorial.so -o tutorial.so mm2s/mm2s.csim_cu.a s2mm/s2mm.csim_cu.a obj/xcl_top.o -Wl,--no-whole-archive -Wl,--as-needed -L /proj/xbuilds/SWIP/2022.1_0420_0327/installs/lin64/Vitis_HLS/2022.1/bin/../lib/lnx64.o -lhlsmathsim -L /proj/xbuilds/SWIP/2022.1_0420_0327/installs/lin64/Vitis_HLS/2022.1/bin/../lnx64/tools/fpo_v7_0 -lgmp -lmpfr -lIp_floating_point_v7_0_bitacc_cmodel -Wl,-rpath,/proj/xbuilds/SWIP/2022.1_0420_0327/installs/lin64/Vitis_HLS/2022.1/bin/../lnx64/tools/fpo_v7_0 -L /proj/xbuilds/SWIP/2022.1_0420_0327/installs/lin64/Vitis_HLS/2022.1/bin/../lnx64/tools/fft_v9_1 -lIp_xfft_v9_1_bitacc_cmodel -L /proj/xbuilds/SWIP/2022.1_0420_0327/installs/lin64/Vitis_HLS/2022.1/bin/../lnx64/tools/fir_v7_0 -lgmp -lIp_fir_compiler_v7_2_bitacc_cmodel -L /proj/xbuilds/SWIP/2022.1_0420_0327/installs/lin64/Vitis_HLS/2022.1/bin/../lnx64/lib/csim -lhlsmc++-GCC46 -L /proj/xbuilds/SWIP/2022.1_0420_0327/installs/lin64/Vivado/2022.1/tps/lnx64/gcc-8.3.0/bin/../lib/gcc/x86_64-pc-linux-gnu/6.2.0/ -lgcov
V++ internal step status: success
------------------------------------------
V++ internal step: running xclbinutil to generate xclbin
timestamp: 13 Sep 2022 11:38:54
------------------------------------------
V++ internal step: running ar to extract a object file cfg.o from /home/msears/Vitis-Tutorials/AI_Engine_Development/Feature_Tutorials/05-AI-engine-versal-integration/libadf.a to /home/msears/Vitis-Tutorials/AI_Engine_Development/Feature_Tutorials/05-AI-engine-versal-integration/_x/link/int/cfg.o
timestamp: 13 Sep 2022 11:38:54
cmd: /proj/xbuilds/SWIP/2022.1_0420_0327/installs/lin64/Vivado/2022.1/tps/lnx64/binutils-2.26/bin/ar x /home/msears/Vitis-Tutorials/AI_Engine_Development/Feature_Tutorials/05-AI-engine-versal-integration/libadf.a cfg.o
V++ internal step status: success
------------------------------------------
V++ internal step: running objcopy to extract a section .aie.control.config.json from /home/msears/Vitis-Tutorials/AI_Engine_Development/Feature_Tutorials/05-AI-engine-versal-integration/_x/link/int/cfg.o to /home/msears/Vitis-Tutorials/AI_Engine_Development/Feature_Tutorials/05-AI-engine-versal-integration/_x/link/int/aie_control_config.json
timestamp: 13 Sep 2022 11:38:55
cmd: /proj/xbuilds/SWIP/2022.1_0420_0327/installs/lin64/Vivado/2022.1/tps/lnx64/binutils-2.26/bin/objcopy -O binary --set-section-flags .aie.control.config.json=alloc -j .aie.control.config.json /home/msears/Vitis-Tutorials/AI_Engine_Development/Feature_Tutorials/05-AI-engine-versal-integration/_x/link/int/cfg.o /home/msears/Vitis-Tutorials/AI_Engine_Development/Feature_Tutorials/05-AI-engine-versal-integration/_x/link/int/aie_control_config.json -I plugin
V++ internal step status: success
------------------------------------------
V++ internal step: running ar to extract a object file sw.o from /home/msears/Vitis-Tutorials/AI_Engine_Development/Feature_Tutorials/05-AI-engine-versal-integration/libadf.a to /home/msears/Vitis-Tutorials/AI_Engine_Development/Feature_Tutorials/05-AI-engine-versal-integration/_x/link/int/sw.o
timestamp: 13 Sep 2022 11:38:56
cmd: /proj/xbuilds/SWIP/2022.1_0420_0327/installs/lin64/Vivado/2022.1/tps/lnx64/binutils-2.26/bin/ar x /home/msears/Vitis-Tutorials/AI_Engine_Development/Feature_Tutorials/05-AI-engine-versal-integration/libadf.a sw.o
V++ internal step status: success
------------------------------------------
V++ internal step: running objcopy to extract a section .aie.partial.aiecompile_summary from /home/msears/Vitis-Tutorials/AI_Engine_Development/Feature_Tutorials/05-AI-engine-versal-integration/_x/link/int/cfg.o to /home/msears/Vitis-Tutorials/AI_Engine_Development/Feature_Tutorials/05-AI-engine-versal-integration/_x/link/int/aie.partial.aiecompile_summary
timestamp: 13 Sep 2022 11:38:57
cmd: /proj/xbuilds/SWIP/2022.1_0420_0327/installs/lin64/Vivado/2022.1/tps/lnx64/binutils-2.26/bin/objcopy -O binary --set-section-flags .aie.partial.aiecompile_summary=alloc -j .aie.partial.aiecompile_summary /home/msears/Vitis-Tutorials/AI_Engine_Development/Feature_Tutorials/05-AI-engine-versal-integration/_x/link/int/cfg.o /home/msears/Vitis-Tutorials/AI_Engine_Development/Feature_Tutorials/05-AI-engine-versal-integration/_x/link/int/aie.partial.aiecompile_summary -I plugin
V++ internal step status: success
------------------------------------------
V++ internal step: running objcopy to extract a section .aie.libsim from /home/msears/Vitis-Tutorials/AI_Engine_Development/Feature_Tutorials/05-AI-engine-versal-integration/_x/link/int/sw.o to /home/msears/Vitis-Tutorials/AI_Engine_Development/Feature_Tutorials/05-AI-engine-versal-integration/_x/link/int/aie.libsim
timestamp: 13 Sep 2022 11:38:58
cmd: /proj/xbuilds/SWIP/2022.1_0420_0327/installs/lin64/Vivado/2022.1/tps/lnx64/binutils-2.26/bin/objcopy -O binary --set-section-flags .aie.libsim=alloc -j .aie.libsim /home/msears/Vitis-Tutorials/AI_Engine_Development/Feature_Tutorials/05-AI-engine-versal-integration/_x/link/int/sw.o /home/msears/Vitis-Tutorials/AI_Engine_Development/Feature_Tutorials/05-AI-engine-versal-integration/_x/link/int/aie.libsim -I plugin
V++ internal step status: success
launch dir: /home/msears/Vitis-Tutorials/AI_Engine_Development/Feature_Tutorials/05-AI-engine-versal-integration/_x/link/int
cmd: /proj/xbuilds/SWIP/2022.1_0420_0327/installs/lin64/Vitis/2022.1/bin/xclbinutil --add-section BITSTREAM:RAW:/home/msears/Vitis-Tutorials/AI_Engine_Development/Feature_Tutorials/05-AI-engine-versal-integration/_x/link/int/tutorial.so --force --target sw_emu --key-value SYS:dfx_enable:false --add-section :JSON:/home/msears/Vitis-Tutorials/AI_Engine_Development/Feature_Tutorials/05-AI-engine-versal-integration/_x/link/int/tutorial.rtd --add-section CLOCK_FREQ_TOPOLOGY:JSON:/home/msears/Vitis-Tutorials/AI_Engine_Development/Feature_Tutorials/05-AI-engine-versal-integration/_x/link/int/tutorial_xml.rtd --add-section BUILD_METADATA:JSON:/home/msears/Vitis-Tutorials/AI_Engine_Development/Feature_Tutorials/05-AI-engine-versal-integration/_x/link/int/tutorial_build.rtd --add-section EMBEDDED_METADATA:RAW:/home/msears/Vitis-Tutorials/AI_Engine_Development/Feature_Tutorials/05-AI-engine-versal-integration/_x/link/int/tutorial.xml --add-section DEBUG_DATA:RAW:/dev/null --add-section PDI:raw:/home/msears/Vitis-Tutorials/AI_Engine_Development/Feature_Tutorials/05-AI-engine-versal-integration/_x/link/int/platform.pdi --add-section SYSTEM_METADATA:RAW:/home/msears/Vitis-Tutorials/AI_Engine_Development/Feature_Tutorials/05-AI-engine-versal-integration/_x/link/int/systemDiagramModel.json --add-section AIE_METADATA:JSON:/home/msears/Vitis-Tutorials/AI_Engine_Development/Feature_Tutorials/05-AI-engine-versal-integration/_x/link/int/aie_control_config.json --add-section EMULATION_DATA:RAW:/home/msears/Vitis-Tutorials/AI_Engine_Development/Feature_Tutorials/05-AI-engine-versal-integration/_x/link/int/emulationArchive.zip --output /home/msears/Vitis-Tutorials/AI_Engine_Development/Feature_Tutorials/05-AI-engine-versal-integration/_x/link/int/tutorial.xclbin
V++ internal step status: success
------------------------------------------
V++ internal step: running xclbinutil to generate xclbin info
timestamp: 13 Sep 2022 11:39:02
launch dir: /home/msears/Vitis-Tutorials/AI_Engine_Development/Feature_Tutorials/05-AI-engine-versal-integration/_x/link/int
cmd: /proj/xbuilds/SWIP/2022.1_0420_0327/installs/lin64/Vitis/2022.1/bin/xclbinutil --quiet --info --input /home/msears/Vitis-Tutorials/AI_Engine_Development/Feature_Tutorials/05-AI-engine-versal-integration/_x/link/int/tutorial.xclbin
V++ internal step status: success
------------------------------------------
sw emulation completed
timestamp: 13 Sep 2022 11:39:05
------------------------------------------
V++ internal step: generating system estimate report file
timestamp: 13 Sep 2022 11:39:05
output: /home/msears/Vitis-Tutorials/AI_Engine_Development/Feature_Tutorials/05-AI-engine-versal-integration/_x/reports/link/system_estimate_tutorial.xtxt
V++ internal step status: success
------------------------------------------
system estimate report task completed
timestamp: 13 Sep 2022 11:39:05
